<?xml version="1.0" encoding="UTF-8"?>
<testsuite xmlns:xsi="http://www.w3.org/2001/XMLSchema-instance" xsi:noNamespaceSchemaLocation="https://maven.apache.org/surefire/maven-surefire-plugin/xsd/surefire-test-report-3.0.xsd" version="3.0" name="tn.esprit.tpfoyer.UniversiteRestControllerTest" time="1.34" tests="8" errors="0" skipped="0" failures="0">
  <properties>
    <property name="java.specification.version" value="17"/>
    <property name="sun.jnu.encoding" value="UTF-8"/>
    <property name="java.class.path" value="/home/dhib/ProjetPerso/tpFoyer/target/test-classes:/home/dhib/ProjetPerso/tpFoyer/target/classes:/home/dhib/.m2/repository/org/springframework/boot/spring-boot-starter-data-jpa/3.3.4/spring-boot-starter-data-jpa-3.3.4.jar:/home/dhib/.m2/repository/org/springframework/boot/spring-boot-starter-aop/3.3.4/spring-boot-starter-aop-3.3.4.jar:/home/dhib/.m2/repository/org/springframework/spring-aop/6.1.13/spring-aop-6.1.13.jar:/home/dhib/.m2/repository/org/aspectj/aspectjweaver/1.9.22.1/aspectjweaver-1.9.22.1.jar:/home/dhib/.m2/repository/org/springframework/boot/spring-boot-starter-jdbc/3.3.4/spring-boot-starter-jdbc-3.3.4.jar:/home/dhib/.m2/repository/com/zaxxer/HikariCP/5.1.0/HikariCP-5.1.0.jar:/home/dhib/.m2/repository/org/springframework/spring-jdbc/6.1.13/spring-jdbc-6.1.13.jar:/home/dhib/.m2/repository/org/hibernate/orm/hibernate-core/6.5.3.Final/hibernate-core-6.5.3.Final.jar:/home/dhib/.m2/repository/jakarta/persistence/jakarta.persistence-api/3.1.0/jakarta.persistence-api-3.1.0.jar:/home/dhib/.m2/repository/jakarta/transaction/jakarta.transaction-api/2.0.1/jakarta.transaction-api-2.0.1.jar:/home/dhib/.m2/repository/org/jboss/logging/jboss-logging/3.5.3.Final/jboss-logging-3.5.3.Final.jar:/home/dhib/.m2/repository/org/hibernate/common/hibernate-commons-annotations/6.0.6.Final/hibernate-commons-annotations-6.0.6.Final.jar:/home/dhib/.m2/repository/io/smallrye/jandex/3.1.2/jandex-3.1.2.jar:/home/dhib/.m2/repository/com/fasterxml/classmate/1.7.0/classmate-1.7.0.jar:/home/dhib/.m2/repository/net/bytebuddy/byte-buddy/1.14.19/byte-buddy-1.14.19.jar:/home/dhib/.m2/repository/org/glassfish/jaxb/jaxb-runtime/4.0.5/jaxb-runtime-4.0.5.jar:/home/dhib/.m2/repository/org/glassfish/jaxb/jaxb-core/4.0.5/jaxb-core-4.0.5.jar:/home/dhib/.m2/repository/org/eclipse/angus/angus-activation/2.0.2/angus-activation-2.0.2.jar:/home/dhib/.m2/repository/org/glassfish/jaxb/txw2/4.0.5/txw2-4.0.5.jar:/home/dhib/.m2/repository/com/sun/istack/istack-commons-runtime/4.1.2/istack-commons-runtime-4.1.2.jar:/home/dhib/.m2/repository/jakarta/inject/jakarta.inject-api/2.0.1/jakarta.inject-api-2.0.1.jar:/home/dhib/.m2/repository/org/antlr/antlr4-runtime/4.13.0/antlr4-runtime-4.13.0.jar:/home/dhib/.m2/repository/org/springframework/data/spring-data-jpa/3.3.4/spring-data-jpa-3.3.4.jar:/home/dhib/.m2/repository/org/springframework/data/spring-data-commons/3.3.4/spring-data-commons-3.3.4.jar:/home/dhib/.m2/repository/org/springframework/spring-orm/6.1.13/spring-orm-6.1.13.jar:/home/dhib/.m2/repository/org/springframework/spring-context/6.1.13/spring-context-6.1.13.jar:/home/dhib/.m2/repository/org/springframework/spring-tx/6.1.13/spring-tx-6.1.13.jar:/home/dhib/.m2/repository/org/springframework/spring-beans/6.1.13/spring-beans-6.1.13.jar:/home/dhib/.m2/repository/jakarta/annotation/jakarta.annotation-api/2.1.1/jakarta.annotation-api-2.1.1.jar:/home/dhib/.m2/repository/org/slf4j/slf4j-api/2.0.16/slf4j-api-2.0.16.jar:/home/dhib/.m2/repository/org/springframework/spring-aspects/6.1.13/spring-aspects-6.1.13.jar:/home/dhib/.m2/repository/org/springframework/boot/spring-boot-starter-web/3.3.4/spring-boot-starter-web-3.3.4.jar:/home/dhib/.m2/repository/org/springframework/boot/spring-boot-starter/3.3.4/spring-boot-starter-3.3.4.jar:/home/dhib/.m2/repository/org/springframework/boot/spring-boot/3.3.4/spring-boot-3.3.4.jar:/home/dhib/.m2/repository/org/springframework/boot/spring-boot-autoconfigure/3.3.4/spring-boot-autoconfigure-3.3.4.jar:/home/dhib/.m2/repository/org/springframework/boot/spring-boot-starter-logging/3.3.4/spring-boot-starter-logging-3.3.4.jar:/home/dhib/.m2/repository/ch/qos/logback/logback-classic/1.5.8/logback-classic-1.5.8.jar:/home/dhib/.m2/repository/ch/qos/logback/logback-core/1.5.8/logback-core-1.5.8.jar:/home/dhib/.m2/repository/org/apache/logging/log4j/log4j-to-slf4j/2.23.1/log4j-to-slf4j-2.23.1.jar:/home/dhib/.m2/repository/org/apache/logging/log4j/log4j-api/2.23.1/log4j-api-2.23.1.jar:/home/dhib/.m2/repository/org/slf4j/jul-to-slf4j/2.0.16/jul-to-slf4j-2.0.16.jar:/home/dhib/.m2/repository/org/yaml/snakeyaml/2.2/snakeyaml-2.2.jar:/home/dhib/.m2/repository/org/springframework/boot/spring-boot-starter-json/3.3.4/spring-boot-starter-json-3.3.4.jar:/home/dhib/.m2/repository/com/fasterxml/jackson/core/jackson-databind/2.17.2/jackson-databind-2.17.2.jar:/home/dhib/.m2/repository/com/fasterxml/jackson/core/jackson-annotations/2.17.2/jackson-annotations-2.17.2.jar:/home/dhib/.m2/repository/com/fasterxml/jackson/core/jackson-core/2.17.2/jackson-core-2.17.2.jar:/home/dhib/.m2/repository/com/fasterxml/jackson/datatype/jackson-datatype-jdk8/2.17.2/jackson-datatype-jdk8-2.17.2.jar:/home/dhib/.m2/repository/com/fasterxml/jackson/datatype/jackson-datatype-jsr310/2.17.2/jackson-datatype-jsr310-2.17.2.jar:/home/dhib/.m2/repository/com/fasterxml/jackson/module/jackson-module-parameter-names/2.17.2/jackson-module-parameter-names-2.17.2.jar:/home/dhib/.m2/repository/org/springframework/boot/spring-boot-starter-tomcat/3.3.4/spring-boot-starter-tomcat-3.3.4.jar:/home/dhib/.m2/repository/org/apache/tomcat/embed/tomcat-embed-core/10.1.30/tomcat-embed-core-10.1.30.jar:/home/dhib/.m2/repository/org/apache/tomcat/embed/tomcat-embed-el/10.1.30/tomcat-embed-el-10.1.30.jar:/home/dhib/.m2/repository/org/apache/tomcat/embed/tomcat-embed-websocket/10.1.30/tomcat-embed-websocket-10.1.30.jar:/home/dhib/.m2/repository/org/springframework/spring-web/6.1.13/spring-web-6.1.13.jar:/home/dhib/.m2/repository/io/micrometer/micrometer-observation/1.13.4/micrometer-observation-1.13.4.jar:/home/dhib/.m2/repository/io/micrometer/micrometer-commons/1.13.4/micrometer-commons-1.13.4.jar:/home/dhib/.m2/repository/org/springframework/spring-webmvc/6.1.13/spring-webmvc-6.1.13.jar:/home/dhib/.m2/repository/org/springframework/spring-expression/6.1.13/spring-expression-6.1.13.jar:/home/dhib/.m2/repository/com/mysql/mysql-connector-j/8.3.0/mysql-connector-j-8.3.0.jar:/home/dhib/.m2/repository/org/projectlombok/lombok/1.18.34/lombok-1.18.34.jar:/home/dhib/.m2/repository/org/springframework/boot/spring-boot-starter-test/3.3.4/spring-boot-starter-test-3.3.4.jar:/home/dhib/.m2/repository/org/springframework/boot/spring-boot-test/3.3.4/spring-boot-test-3.3.4.jar:/home/dhib/.m2/repository/org/springframework/boot/spring-boot-test-autoconfigure/3.3.4/spring-boot-test-autoconfigure-3.3.4.jar:/home/dhib/.m2/repository/com/jayway/jsonpath/json-path/2.9.0/json-path-2.9.0.jar:/home/dhib/.m2/repository/jakarta/xml/bind/jakarta.xml.bind-api/4.0.2/jakarta.xml.bind-api-4.0.2.jar:/home/dhib/.m2/repository/jakarta/activation/jakarta.activation-api/2.1.3/jakarta.activation-api-2.1.3.jar:/home/dhib/.m2/repository/net/minidev/json-smart/2.5.1/json-smart-2.5.1.jar:/home/dhib/.m2/repository/net/minidev/accessors-smart/2.5.1/accessors-smart-2.5.1.jar:/home/dhib/.m2/repository/org/ow2/asm/asm/9.6/asm-9.6.jar:/home/dhib/.m2/repository/org/assertj/assertj-core/3.25.3/assertj-core-3.25.3.jar:/home/dhib/.m2/repository/org/awaitility/awaitility/4.2.2/awaitility-4.2.2.jar:/home/dhib/.m2/repository/org/hamcrest/hamcrest/2.2/hamcrest-2.2.jar:/home/dhib/.m2/repository/org/junit/jupiter/junit-jupiter/5.10.3/junit-jupiter-5.10.3.jar:/home/dhib/.m2/repository/org/junit/jupiter/junit-jupiter-api/5.10.3/junit-jupiter-api-5.10.3.jar:/home/dhib/.m2/repository/org/opentest4j/opentest4j/1.3.0/opentest4j-1.3.0.jar:/home/dhib/.m2/repository/org/junit/platform/junit-platform-commons/1.10.3/junit-platform-commons-1.10.3.jar:/home/dhib/.m2/repository/org/apiguardian/apiguardian-api/1.1.2/apiguardian-api-1.1.2.jar:/home/dhib/.m2/repository/org/junit/jupiter/junit-jupiter-params/5.10.3/junit-jupiter-params-5.10.3.jar:/home/dhib/.m2/repository/org/junit/jupiter/junit-jupiter-engine/5.10.3/junit-jupiter-engine-5.10.3.jar:/home/dhib/.m2/repository/org/junit/platform/junit-platform-engine/1.10.3/junit-platform-engine-1.10.3.jar:/home/dhib/.m2/repository/org/mockito/mockito-core/5.11.0/mockito-core-5.11.0.jar:/home/dhib/.m2/repository/net/bytebuddy/byte-buddy-agent/1.14.19/byte-buddy-agent-1.14.19.jar:/home/dhib/.m2/repository/org/objenesis/objenesis/3.3/objenesis-3.3.jar:/home/dhib/.m2/repository/org/mockito/mockito-junit-jupiter/5.11.0/mockito-junit-jupiter-5.11.0.jar:/home/dhib/.m2/repository/org/skyscreamer/jsonassert/1.5.3/jsonassert-1.5.3.jar:/home/dhib/.m2/repository/com/vaadin/external/google/android-json/0.0.20131108.vaadin1/android-json-0.0.20131108.vaadin1.jar:/home/dhib/.m2/repository/org/springframework/spring-core/6.1.13/spring-core-6.1.13.jar:/home/dhib/.m2/repository/org/springframework/spring-jcl/6.1.13/spring-jcl-6.1.13.jar:/home/dhib/.m2/repository/org/springframework/spring-test/6.1.13/spring-test-6.1.13.jar:/home/dhib/.m2/repository/org/xmlunit/xmlunit-core/2.9.1/xmlunit-core-2.9.1.jar:/home/dhib/.m2/repository/com/h2database/h2/2.2.224/h2-2.2.224.jar:/home/dhib/.m2/repository/org/springdoc/springdoc-openapi-starter-webmvc-ui/2.1.0/springdoc-openapi-starter-webmvc-ui-2.1.0.jar:/home/dhib/.m2/repository/org/springdoc/springdoc-openapi-starter-webmvc-api/2.1.0/springdoc-openapi-starter-webmvc-api-2.1.0.jar:/home/dhib/.m2/repository/org/springdoc/springdoc-openapi-starter-common/2.1.0/springdoc-openapi-starter-common-2.1.0.jar:/home/dhib/.m2/repository/io/swagger/core/v3/swagger-core-jakarta/2.2.9/swagger-core-jakarta-2.2.9.jar:/home/dhib/.m2/repository/org/apache/commons/commons-lang3/3.14.0/commons-lang3-3.14.0.jar:/home/dhib/.m2/repository/io/swagger/core/v3/swagger-annotations-jakarta/2.2.9/swagger-annotations-jakarta-2.2.9.jar:/home/dhib/.m2/repository/io/swagger/core/v3/swagger-models-jakarta/2.2.9/swagger-models-jakarta-2.2.9.jar:/home/dhib/.m2/repository/jakarta/validation/jakarta.validation-api/3.0.2/jakarta.validation-api-3.0.2.jar:/home/dhib/.m2/repository/com/fasterxml/jackson/dataformat/jackson-dataformat-yaml/2.17.2/jackson-dataformat-yaml-2.17.2.jar:/home/dhib/.m2/repository/org/webjars/swagger-ui/4.18.2/swagger-ui-4.18.2.jar:"/>
    <property name="java.vm.vendor" value="Ubuntu"/>
    <property name="sun.arch.data.model" value="64"/>
    <property name="java.vendor.url" value="https://ubuntu.com/"/>
    <property name="user.timezone" value="Africa/Tunis"/>
    <property name="org.jboss.logging.provider" value="slf4j"/>
    <property name="os.name" value="Linux"/>
    <property name="java.vm.specification.version" value="17"/>
    <property name="sun.java.launcher" value="SUN_STANDARD"/>
    <property name="user.country" value="US"/>
    <property name="sun.boot.library.path" value="/usr/lib/jvm/java-17-openjdk-amd64/lib"/>
    <property name="sun.java.command" value="/home/dhib/ProjetPerso/tpFoyer/target/surefire/surefirebooter-20250718010012207_3.jar /home/dhib/ProjetPerso/tpFoyer/target/surefire 2025-07-18T01-00-11_935-jvmRun1 surefire-20250718010012207_1tmp surefire_0-20250718010012207_2tmp"/>
    <property name="jdk.debug" value="release"/>
    <property name="surefire.test.class.path" value="/home/dhib/ProjetPerso/tpFoyer/target/test-classes:/home/dhib/ProjetPerso/tpFoyer/target/classes:/home/dhib/.m2/repository/org/springframework/boot/spring-boot-starter-data-jpa/3.3.4/spring-boot-starter-data-jpa-3.3.4.jar:/home/dhib/.m2/repository/org/springframework/boot/spring-boot-starter-aop/3.3.4/spring-boot-starter-aop-3.3.4.jar:/home/dhib/.m2/repository/org/springframework/spring-aop/6.1.13/spring-aop-6.1.13.jar:/home/dhib/.m2/repository/org/aspectj/aspectjweaver/1.9.22.1/aspectjweaver-1.9.22.1.jar:/home/dhib/.m2/repository/org/springframework/boot/spring-boot-starter-jdbc/3.3.4/spring-boot-starter-jdbc-3.3.4.jar:/home/dhib/.m2/repository/com/zaxxer/HikariCP/5.1.0/HikariCP-5.1.0.jar:/home/dhib/.m2/repository/org/springframework/spring-jdbc/6.1.13/spring-jdbc-6.1.13.jar:/home/dhib/.m2/repository/org/hibernate/orm/hibernate-core/6.5.3.Final/hibernate-core-6.5.3.Final.jar:/home/dhib/.m2/repository/jakarta/persistence/jakarta.persistence-api/3.1.0/jakarta.persistence-api-3.1.0.jar:/home/dhib/.m2/repository/jakarta/transaction/jakarta.transaction-api/2.0.1/jakarta.transaction-api-2.0.1.jar:/home/dhib/.m2/repository/org/jboss/logging/jboss-logging/3.5.3.Final/jboss-logging-3.5.3.Final.jar:/home/dhib/.m2/repository/org/hibernate/common/hibernate-commons-annotations/6.0.6.Final/hibernate-commons-annotations-6.0.6.Final.jar:/home/dhib/.m2/repository/io/smallrye/jandex/3.1.2/jandex-3.1.2.jar:/home/dhib/.m2/repository/com/fasterxml/classmate/1.7.0/classmate-1.7.0.jar:/home/dhib/.m2/repository/net/bytebuddy/byte-buddy/1.14.19/byte-buddy-1.14.19.jar:/home/dhib/.m2/repository/org/glassfish/jaxb/jaxb-runtime/4.0.5/jaxb-runtime-4.0.5.jar:/home/dhib/.m2/repository/org/glassfish/jaxb/jaxb-core/4.0.5/jaxb-core-4.0.5.jar:/home/dhib/.m2/repository/org/eclipse/angus/angus-activation/2.0.2/angus-activation-2.0.2.jar:/home/dhib/.m2/repository/org/glassfish/jaxb/txw2/4.0.5/txw2-4.0.5.jar:/home/dhib/.m2/repository/com/sun/istack/istack-commons-runtime/4.1.2/istack-commons-runtime-4.1.2.jar:/home/dhib/.m2/repository/jakarta/inject/jakarta.inject-api/2.0.1/jakarta.inject-api-2.0.1.jar:/home/dhib/.m2/repository/org/antlr/antlr4-runtime/4.13.0/antlr4-runtime-4.13.0.jar:/home/dhib/.m2/repository/org/springframework/data/spring-data-jpa/3.3.4/spring-data-jpa-3.3.4.jar:/home/dhib/.m2/repository/org/springframework/data/spring-data-commons/3.3.4/spring-data-commons-3.3.4.jar:/home/dhib/.m2/repository/org/springframework/spring-orm/6.1.13/spring-orm-6.1.13.jar:/home/dhib/.m2/repository/org/springframework/spring-context/6.1.13/spring-context-6.1.13.jar:/home/dhib/.m2/repository/org/springframework/spring-tx/6.1.13/spring-tx-6.1.13.jar:/home/dhib/.m2/repository/org/springframework/spring-beans/6.1.13/spring-beans-6.1.13.jar:/home/dhib/.m2/repository/jakarta/annotation/jakarta.annotation-api/2.1.1/jakarta.annotation-api-2.1.1.jar:/home/dhib/.m2/repository/org/slf4j/slf4j-api/2.0.16/slf4j-api-2.0.16.jar:/home/dhib/.m2/repository/org/springframework/spring-aspects/6.1.13/spring-aspects-6.1.13.jar:/home/dhib/.m2/repository/org/springframework/boot/spring-boot-starter-web/3.3.4/spring-boot-starter-web-3.3.4.jar:/home/dhib/.m2/repository/org/springframework/boot/spring-boot-starter/3.3.4/spring-boot-starter-3.3.4.jar:/home/dhib/.m2/repository/org/springframework/boot/spring-boot/3.3.4/spring-boot-3.3.4.jar:/home/dhib/.m2/repository/org/springframework/boot/spring-boot-autoconfigure/3.3.4/spring-boot-autoconfigure-3.3.4.jar:/home/dhib/.m2/repository/org/springframework/boot/spring-boot-starter-logging/3.3.4/spring-boot-starter-logging-3.3.4.jar:/home/dhib/.m2/repository/ch/qos/logback/logback-classic/1.5.8/logback-classic-1.5.8.jar:/home/dhib/.m2/repository/ch/qos/logback/logback-core/1.5.8/logback-core-1.5.8.jar:/home/dhib/.m2/repository/org/apache/logging/log4j/log4j-to-slf4j/2.23.1/log4j-to-slf4j-2.23.1.jar:/home/dhib/.m2/repository/org/apache/logging/log4j/log4j-api/2.23.1/log4j-api-2.23.1.jar:/home/dhib/.m2/repository/org/slf4j/jul-to-slf4j/2.0.16/jul-to-slf4j-2.0.16.jar:/home/dhib/.m2/repository/org/yaml/snakeyaml/2.2/snakeyaml-2.2.jar:/home/dhib/.m2/repository/org/springframework/boot/spring-boot-starter-json/3.3.4/spring-boot-starter-json-3.3.4.jar:/home/dhib/.m2/repository/com/fasterxml/jackson/core/jackson-databind/2.17.2/jackson-databind-2.17.2.jar:/home/dhib/.m2/repository/com/fasterxml/jackson/core/jackson-annotations/2.17.2/jackson-annotations-2.17.2.jar:/home/dhib/.m2/repository/com/fasterxml/jackson/core/jackson-core/2.17.2/jackson-core-2.17.2.jar:/home/dhib/.m2/repository/com/fasterxml/jackson/datatype/jackson-datatype-jdk8/2.17.2/jackson-datatype-jdk8-2.17.2.jar:/home/dhib/.m2/repository/com/fasterxml/jackson/datatype/jackson-datatype-jsr310/2.17.2/jackson-datatype-jsr310-2.17.2.jar:/home/dhib/.m2/repository/com/fasterxml/jackson/module/jackson-module-parameter-names/2.17.2/jackson-module-parameter-names-2.17.2.jar:/home/dhib/.m2/repository/org/springframework/boot/spring-boot-starter-tomcat/3.3.4/spring-boot-starter-tomcat-3.3.4.jar:/home/dhib/.m2/repository/org/apache/tomcat/embed/tomcat-embed-core/10.1.30/tomcat-embed-core-10.1.30.jar:/home/dhib/.m2/repository/org/apache/tomcat/embed/tomcat-embed-el/10.1.30/tomcat-embed-el-10.1.30.jar:/home/dhib/.m2/repository/org/apache/tomcat/embed/tomcat-embed-websocket/10.1.30/tomcat-embed-websocket-10.1.30.jar:/home/dhib/.m2/repository/org/springframework/spring-web/6.1.13/spring-web-6.1.13.jar:/home/dhib/.m2/repository/io/micrometer/micrometer-observation/1.13.4/micrometer-observation-1.13.4.jar:/home/dhib/.m2/repository/io/micrometer/micrometer-commons/1.13.4/micrometer-commons-1.13.4.jar:/home/dhib/.m2/repository/org/springframework/spring-webmvc/6.1.13/spring-webmvc-6.1.13.jar:/home/dhib/.m2/repository/org/springframework/spring-expression/6.1.13/spring-expression-6.1.13.jar:/home/dhib/.m2/repository/com/mysql/mysql-connector-j/8.3.0/mysql-connector-j-8.3.0.jar:/home/dhib/.m2/repository/org/projectlombok/lombok/1.18.34/lombok-1.18.34.jar:/home/dhib/.m2/repository/org/springframework/boot/spring-boot-starter-test/3.3.4/spring-boot-starter-test-3.3.4.jar:/home/dhib/.m2/repository/org/springframework/boot/spring-boot-test/3.3.4/spring-boot-test-3.3.4.jar:/home/dhib/.m2/repository/org/springframework/boot/spring-boot-test-autoconfigure/3.3.4/spring-boot-test-autoconfigure-3.3.4.jar:/home/dhib/.m2/repository/com/jayway/jsonpath/json-path/2.9.0/json-path-2.9.0.jar:/home/dhib/.m2/repository/jakarta/xml/bind/jakarta.xml.bind-api/4.0.2/jakarta.xml.bind-api-4.0.2.jar:/home/dhib/.m2/repository/jakarta/activation/jakarta.activation-api/2.1.3/jakarta.activation-api-2.1.3.jar:/home/dhib/.m2/repository/net/minidev/json-smart/2.5.1/json-smart-2.5.1.jar:/home/dhib/.m2/repository/net/minidev/accessors-smart/2.5.1/accessors-smart-2.5.1.jar:/home/dhib/.m2/repository/org/ow2/asm/asm/9.6/asm-9.6.jar:/home/dhib/.m2/repository/org/assertj/assertj-core/3.25.3/assertj-core-3.25.3.jar:/home/dhib/.m2/repository/org/awaitility/awaitility/4.2.2/awaitility-4.2.2.jar:/home/dhib/.m2/repository/org/hamcrest/hamcrest/2.2/hamcrest-2.2.jar:/home/dhib/.m2/repository/org/junit/jupiter/junit-jupiter/5.10.3/junit-jupiter-5.10.3.jar:/home/dhib/.m2/repository/org/junit/jupiter/junit-jupiter-api/5.10.3/junit-jupiter-api-5.10.3.jar:/home/dhib/.m2/repository/org/opentest4j/opentest4j/1.3.0/opentest4j-1.3.0.jar:/home/dhib/.m2/repository/org/junit/platform/junit-platform-commons/1.10.3/junit-platform-commons-1.10.3.jar:/home/dhib/.m2/repository/org/apiguardian/apiguardian-api/1.1.2/apiguardian-api-1.1.2.jar:/home/dhib/.m2/repository/org/junit/jupiter/junit-jupiter-params/5.10.3/junit-jupiter-params-5.10.3.jar:/home/dhib/.m2/repository/org/junit/jupiter/junit-jupiter-engine/5.10.3/junit-jupiter-engine-5.10.3.jar:/home/dhib/.m2/repository/org/junit/platform/junit-platform-engine/1.10.3/junit-platform-engine-1.10.3.jar:/home/dhib/.m2/repository/org/mockito/mockito-core/5.11.0/mockito-core-5.11.0.jar:/home/dhib/.m2/repository/net/bytebuddy/byte-buddy-agent/1.14.19/byte-buddy-agent-1.14.19.jar:/home/dhib/.m2/repository/org/objenesis/objenesis/3.3/objenesis-3.3.jar:/home/dhib/.m2/repository/org/mockito/mockito-junit-jupiter/5.11.0/mockito-junit-jupiter-5.11.0.jar:/home/dhib/.m2/repository/org/skyscreamer/jsonassert/1.5.3/jsonassert-1.5.3.jar:/home/dhib/.m2/repository/com/vaadin/external/google/android-json/0.0.20131108.vaadin1/android-json-0.0.20131108.vaadin1.jar:/home/dhib/.m2/repository/org/springframework/spring-core/6.1.13/spring-core-6.1.13.jar:/home/dhib/.m2/repository/org/springframework/spring-jcl/6.1.13/spring-jcl-6.1.13.jar:/home/dhib/.m2/repository/org/springframework/spring-test/6.1.13/spring-test-6.1.13.jar:/home/dhib/.m2/repository/org/xmlunit/xmlunit-core/2.9.1/xmlunit-core-2.9.1.jar:/home/dhib/.m2/repository/com/h2database/h2/2.2.224/h2-2.2.224.jar:/home/dhib/.m2/repository/org/springdoc/springdoc-openapi-starter-webmvc-ui/2.1.0/springdoc-openapi-starter-webmvc-ui-2.1.0.jar:/home/dhib/.m2/repository/org/springdoc/springdoc-openapi-starter-webmvc-api/2.1.0/springdoc-openapi-starter-webmvc-api-2.1.0.jar:/home/dhib/.m2/repository/org/springdoc/springdoc-openapi-starter-common/2.1.0/springdoc-openapi-starter-common-2.1.0.jar:/home/dhib/.m2/repository/io/swagger/core/v3/swagger-core-jakarta/2.2.9/swagger-core-jakarta-2.2.9.jar:/home/dhib/.m2/repository/org/apache/commons/commons-lang3/3.14.0/commons-lang3-3.14.0.jar:/home/dhib/.m2/repository/io/swagger/core/v3/swagger-annotations-jakarta/2.2.9/swagger-annotations-jakarta-2.2.9.jar:/home/dhib/.m2/repository/io/swagger/core/v3/swagger-models-jakarta/2.2.9/swagger-models-jakarta-2.2.9.jar:/home/dhib/.m2/repository/jakarta/validation/jakarta.validation-api/3.0.2/jakarta.validation-api-3.0.2.jar:/home/dhib/.m2/repository/com/fasterxml/jackson/dataformat/jackson-dataformat-yaml/2.17.2/jackson-dataformat-yaml-2.17.2.jar:/home/dhib/.m2/repository/org/webjars/swagger-ui/4.18.2/swagger-ui-4.18.2.jar:"/>
    <property name="sun.cpu.endian" value="little"/>
    <property name="user.home" value="/home/dhib"/>
    <property name="user.language" value="en"/>
    <property name="java.specification.vendor" value="Oracle Corporation"/>
    <property name="java.version.date" value="2025-04-15"/>
    <property name="java.home" value="/usr/lib/jvm/java-17-openjdk-amd64"/>
    <property name="file.separator" value="/"/>
    <property name="basedir" value="/home/dhib/ProjetPerso/tpFoyer"/>
    <property name="java.vm.compressedOopsMode" value="Zero based"/>
    <property name="line.separator" value="&#10;"/>
    <property name="java.vm.specification.vendor" value="Oracle Corporation"/>
    <property name="java.specification.name" value="Java Platform API Specification"/>
    <property name="FILE_LOG_CHARSET" value="UTF-8"/>
    <property name="java.awt.headless" value="true"/>
    <property name="surefire.real.class.path" value="/home/dhib/ProjetPerso/tpFoyer/target/surefire/surefirebooter-20250718010012207_3.jar"/>
    <property name="sun.management.compiler" value="HotSpot 64-Bit Tiered Compilers"/>
    <property name="java.runtime.version" value="17.0.15+6-Ubuntu-0ubuntu120.04"/>
    <property name="user.name" value="dhib"/>
    <property name="path.separator" value=":"/>
    <property name="os.version" value="5.15.0-139-generic"/>
    <property name="java.runtime.name" value="OpenJDK Runtime Environment"/>
    <property name="file.encoding" value="UTF-8"/>
    <property name="java.vm.name" value="OpenJDK 64-Bit Server VM"/>
    <property name="localRepository" value="/home/dhib/.m2/repository"/>
    <property name="java.vendor.url.bug" value="https://bugs.launchpad.net/ubuntu/+source/openjdk-17"/>
    <property name="java.io.tmpdir" value="/tmp"/>
    <property name="com.zaxxer.hikari.pool_number" value="1"/>
    <property name="java.version" value="17.0.15"/>
    <property name="user.dir" value="/home/dhib/ProjetPerso/tpFoyer"/>
    <property name="os.arch" value="amd64"/>
    <property name="java.vm.specification.name" value="Java Virtual Machine Specification"/>
    <property name="PID" value="160138"/>
    <property name="CONSOLE_LOG_CHARSET" value="UTF-8"/>
    <property name="native.encoding" value="UTF-8"/>
    <property name="java.library.path" value="/tmp/.mount_CursorjQfj83/usr/lib/:/tmp/.mount_CursorjQfj83/usr/lib32/:/tmp/.mount_CursorjQfj83/usr/lib64/:/tmp/.mount_CursorjQfj83/lib/:/tmp/.mount_CursorjQfj83/lib/i386-linux-gnu/:/tmp/.mount_CursorjQfj83/lib/x86_64-linux-gnu/:/tmp/.mount_CursorjQfj83/lib/aarch64-linux-gnu/:/tmp/.mount_CursorjQfj83/lib32/:/tmp/.mount_CursorjQfj83/lib64/::/usr/java/packages/lib:/usr/lib/x86_64-linux-gnu/jni:/lib/x86_64-linux-gnu:/usr/lib/x86_64-linux-gnu:/usr/lib/jni:/lib:/usr/lib"/>
    <property name="java.vm.info" value="mixed mode, sharing"/>
    <property name="java.vendor" value="Ubuntu"/>
    <property name="java.vm.version" value="17.0.15+6-Ubuntu-0ubuntu120.04"/>
    <property name="java.specification.maintenance.version" value="1"/>
    <property name="sun.io.unicode.encoding" value="UnicodeLittle"/>
    <property name="java.class.version" value="61.0"/>
  </properties>
  <testcase name="testGetAllUniversites" classname="tn.esprit.tpfoyer.UniversiteRestControllerTest" time="0.501">
    <system-out><![CDATA[2025-07-18T01:01:20.312+01:00 DEBUG 160138 --- [           main] s.w.s.m.m.a.RequestMappingHandlerMapping : 5 mappings in org.springframework.web.servlet.mvc.method.annotation.RequestMappingHandlerMapping
2025-07-18T01:01:20.322+01:00 DEBUG 160138 --- [           main] s.w.s.m.m.a.RequestMappingHandlerAdapter : ControllerAdvice beans: 0 @ModelAttribute, 0 @InitBinder, 1 RequestBodyAdvice, 1 ResponseBodyAdvice
2025-07-18T01:01:20.325+01:00 DEBUG 160138 --- [           main] .m.m.a.ExceptionHandlerExceptionResolver : ControllerAdvice beans: 0 @ExceptionHandler, 1 ResponseBodyAdvice
2025-07-18T01:01:20.329+01:00  INFO 160138 --- [           main] o.s.mock.web.MockServletContext          : Initializing Spring TestDispatcherServlet ''
2025-07-18T01:01:20.330+01:00  INFO 160138 --- [           main] o.s.t.web.servlet.TestDispatcherServlet  : Initializing Servlet ''
2025-07-18T01:01:20.333+01:00  INFO 160138 --- [           main] o.s.t.web.servlet.TestDispatcherServlet  : Completed initialization in 2 ms
2025-07-18T01:01:20.339+01:00 DEBUG 160138 --- [           main] s.w.s.m.m.a.RequestMappingHandlerMapping : Mapped to tn.esprit.tpfoyer.control.UniversiteRestController#getUniversites()
2025-07-18T01:01:20.350+01:00 DEBUG 160138 --- [           main] m.m.a.RequestResponseBodyMethodProcessor : Using 'application/json', given [*/*] and supported [application/json, application/*+json]
2025-07-18T01:01:20.353+01:00 DEBUG 160138 --- [           main] m.m.a.RequestResponseBodyMethodProcessor : Writing [[Universite(idUniversite=1, nomUniversite=Université de Tunis, adresse=Tunis, Tunisie, foyer=Foyer(i (truncated)...]
]]></system-out>
  </testcase>
  <testcase name="testAddUniversite_WithInvalidData" classname="tn.esprit.tpfoyer.UniversiteRestControllerTest" time="0.164">
    <system-out><![CDATA[2025-07-18T01:01:20.467+01:00 DEBUG 160138 --- [           main] s.w.s.m.m.a.RequestMappingHandlerMapping : 5 mappings in org.springframework.web.servlet.mvc.method.annotation.RequestMappingHandlerMapping
2025-07-18T01:01:20.476+01:00 DEBUG 160138 --- [           main] s.w.s.m.m.a.RequestMappingHandlerAdapter : ControllerAdvice beans: 0 @ModelAttribute, 0 @InitBinder, 1 RequestBodyAdvice, 1 ResponseBodyAdvice
2025-07-18T01:01:20.479+01:00 DEBUG 160138 --- [           main] .m.m.a.ExceptionHandlerExceptionResolver : ControllerAdvice beans: 0 @ExceptionHandler, 1 ResponseBodyAdvice
2025-07-18T01:01:20.480+01:00  INFO 160138 --- [           main] o.s.mock.web.MockServletContext          : Initializing Spring TestDispatcherServlet ''
2025-07-18T01:01:20.481+01:00  INFO 160138 --- [           main] o.s.t.web.servlet.TestDispatcherServlet  : Initializing Servlet ''
2025-07-18T01:01:20.488+01:00  INFO 160138 --- [           main] o.s.t.web.servlet.TestDispatcherServlet  : Completed initialization in 6 ms
2025-07-18T01:01:20.517+01:00 DEBUG 160138 --- [           main] s.w.s.m.m.a.RequestMappingHandlerMapping : Mapped to tn.esprit.tpfoyer.control.UniversiteRestController#addUniversite(Universite)
2025-07-18T01:01:20.545+01:00 DEBUG 160138 --- [           main] m.m.a.RequestResponseBodyMethodProcessor : Read "application/json" to [Universite(idUniversite=0, nomUniversite=null, adresse=null, foyer=null)]
2025-07-18T01:01:20.560+01:00 DEBUG 160138 --- [           main] m.m.a.RequestResponseBodyMethodProcessor : Using 'application/json', given [*/*] and supported [application/json, application/*+json]
2025-07-18T01:01:20.562+01:00 DEBUG 160138 --- [           main] m.m.a.RequestResponseBodyMethodProcessor : Writing [Universite(idUniversite=0, nomUniversite=null, adresse=null, foyer=null)]
]]></system-out>
  </testcase>
  <testcase name="testModifyUniversite" classname="tn.esprit.tpfoyer.UniversiteRestControllerTest" time="0.136">
    <system-out><![CDATA[2025-07-18T01:01:20.629+01:00 DEBUG 160138 --- [           main] s.w.s.m.m.a.RequestMappingHandlerMapping : 5 mappings in org.springframework.web.servlet.mvc.method.annotation.RequestMappingHandlerMapping
2025-07-18T01:01:20.637+01:00 DEBUG 160138 --- [           main] s.w.s.m.m.a.RequestMappingHandlerAdapter : ControllerAdvice beans: 0 @ModelAttribute, 0 @InitBinder, 1 RequestBodyAdvice, 1 ResponseBodyAdvice
2025-07-18T01:01:20.639+01:00 DEBUG 160138 --- [           main] .m.m.a.ExceptionHandlerExceptionResolver : ControllerAdvice beans: 0 @ExceptionHandler, 1 ResponseBodyAdvice
2025-07-18T01:01:20.640+01:00  INFO 160138 --- [           main] o.s.mock.web.MockServletContext          : Initializing Spring TestDispatcherServlet ''
2025-07-18T01:01:20.641+01:00  INFO 160138 --- [           main] o.s.t.web.servlet.TestDispatcherServlet  : Initializing Servlet ''
2025-07-18T01:01:20.643+01:00  INFO 160138 --- [           main] o.s.t.web.servlet.TestDispatcherServlet  : Completed initialization in 1 ms
2025-07-18T01:01:20.665+01:00 DEBUG 160138 --- [           main] s.w.s.m.m.a.RequestMappingHandlerMapping : Mapped to tn.esprit.tpfoyer.control.UniversiteRestController#modifyUniversite(Universite)
2025-07-18T01:01:20.690+01:00 DEBUG 160138 --- [           main] m.m.a.RequestResponseBodyMethodProcessor : Read "application/json" to [Universite(idUniversite=1, nomUniversite=Université Modifiée, adresse=Adresse Modifiée, foyer=Foyer( (truncated)...]
2025-07-18T01:01:20.701+01:00 DEBUG 160138 --- [           main] m.m.a.RequestResponseBodyMethodProcessor : Using 'application/json', given [*/*] and supported [application/json, application/*+json]
2025-07-18T01:01:20.702+01:00 DEBUG 160138 --- [           main] m.m.a.RequestResponseBodyMethodProcessor : Writing [Universite(idUniversite=1, nomUniversite=Université Modifiée, adresse=Adresse Modifiée, foyer=Foyer( (truncated)...]
]]></system-out>
  </testcase>
  <testcase name="testGetAllUniversites_WhenEmpty" classname="tn.esprit.tpfoyer.UniversiteRestControllerTest" time="0.106">
    <system-out><![CDATA[2025-07-18T01:01:20.779+01:00 DEBUG 160138 --- [           main] s.w.s.m.m.a.RequestMappingHandlerMapping : 5 mappings in org.springframework.web.servlet.mvc.method.annotation.RequestMappingHandlerMapping
2025-07-18T01:01:20.789+01:00 DEBUG 160138 --- [           main] s.w.s.m.m.a.RequestMappingHandlerAdapter : ControllerAdvice beans: 0 @ModelAttribute, 0 @InitBinder, 1 RequestBodyAdvice, 1 ResponseBodyAdvice
2025-07-18T01:01:20.791+01:00 DEBUG 160138 --- [           main] .m.m.a.ExceptionHandlerExceptionResolver : ControllerAdvice beans: 0 @ExceptionHandler, 1 ResponseBodyAdvice
2025-07-18T01:01:20.793+01:00  INFO 160138 --- [           main] o.s.mock.web.MockServletContext          : Initializing Spring TestDispatcherServlet ''
2025-07-18T01:01:20.794+01:00  INFO 160138 --- [           main] o.s.t.web.servlet.TestDispatcherServlet  : Initializing Servlet ''
2025-07-18T01:01:20.796+01:00  INFO 160138 --- [           main] o.s.t.web.servlet.TestDispatcherServlet  : Completed initialization in 0 ms
2025-07-18T01:01:20.801+01:00 DEBUG 160138 --- [           main] s.w.s.m.m.a.RequestMappingHandlerMapping : Mapped to tn.esprit.tpfoyer.control.UniversiteRestController#getUniversites()
2025-07-18T01:01:20.807+01:00 DEBUG 160138 --- [           main] m.m.a.RequestResponseBodyMethodProcessor : Using 'application/json', given [*/*] and supported [application/json, application/*+json]
2025-07-18T01:01:20.818+01:00 DEBUG 160138 --- [           main] m.m.a.RequestResponseBodyMethodProcessor : Writing [[]]
]]></system-out>
  </testcase>
  <testcase name="testRemoveUniversite" classname="tn.esprit.tpfoyer.UniversiteRestControllerTest" time="0.076">
    <system-out><![CDATA[2025-07-18T01:01:20.878+01:00 DEBUG 160138 --- [           main] s.w.s.m.m.a.RequestMappingHandlerMapping : 5 mappings in org.springframework.web.servlet.mvc.method.annotation.RequestMappingHandlerMapping
2025-07-18T01:01:20.886+01:00 DEBUG 160138 --- [           main] s.w.s.m.m.a.RequestMappingHandlerAdapter : ControllerAdvice beans: 0 @ModelAttribute, 0 @InitBinder, 1 RequestBodyAdvice, 1 ResponseBodyAdvice
2025-07-18T01:01:20.888+01:00 DEBUG 160138 --- [           main] .m.m.a.ExceptionHandlerExceptionResolver : ControllerAdvice beans: 0 @ExceptionHandler, 1 ResponseBodyAdvice
2025-07-18T01:01:20.890+01:00  INFO 160138 --- [           main] o.s.mock.web.MockServletContext          : Initializing Spring TestDispatcherServlet ''
2025-07-18T01:01:20.890+01:00  INFO 160138 --- [           main] o.s.t.web.servlet.TestDispatcherServlet  : Initializing Servlet ''
2025-07-18T01:01:20.891+01:00  INFO 160138 --- [           main] o.s.t.web.servlet.TestDispatcherServlet  : Completed initialization in 0 ms
2025-07-18T01:01:20.896+01:00 DEBUG 160138 --- [           main] s.w.s.m.m.a.RequestMappingHandlerMapping : Mapped to tn.esprit.tpfoyer.control.UniversiteRestController#removeUniversite(Long)
2025-07-18T01:01:20.902+01:00 DEBUG 160138 --- [           main] m.m.a.RequestResponseBodyMethodProcessor : Using 'application/json', given [*/*] and supported [application/json, application/*+json]
2025-07-18T01:01:20.904+01:00 DEBUG 160138 --- [           main] m.m.a.RequestResponseBodyMethodProcessor : Nothing to write: null body
]]></system-out>
  </testcase>
  <testcase name="testAddUniversite_WithoutFoyer" classname="tn.esprit.tpfoyer.UniversiteRestControllerTest" time="0.1">
    <system-out><![CDATA[2025-07-18T01:01:20.950+01:00 DEBUG 160138 --- [           main] s.w.s.m.m.a.RequestMappingHandlerMapping : 5 mappings in org.springframework.web.servlet.mvc.method.annotation.RequestMappingHandlerMapping
2025-07-18T01:01:20.961+01:00 DEBUG 160138 --- [           main] s.w.s.m.m.a.RequestMappingHandlerAdapter : ControllerAdvice beans: 0 @ModelAttribute, 0 @InitBinder, 1 RequestBodyAdvice, 1 ResponseBodyAdvice
2025-07-18T01:01:20.963+01:00 DEBUG 160138 --- [           main] .m.m.a.ExceptionHandlerExceptionResolver : ControllerAdvice beans: 0 @ExceptionHandler, 1 ResponseBodyAdvice
2025-07-18T01:01:20.965+01:00  INFO 160138 --- [           main] o.s.mock.web.MockServletContext          : Initializing Spring TestDispatcherServlet ''
2025-07-18T01:01:20.965+01:00  INFO 160138 --- [           main] o.s.t.web.servlet.TestDispatcherServlet  : Initializing Servlet ''
2025-07-18T01:01:20.966+01:00  INFO 160138 --- [           main] o.s.t.web.servlet.TestDispatcherServlet  : Completed initialization in 0 ms
2025-07-18T01:01:20.978+01:00 DEBUG 160138 --- [           main] s.w.s.m.m.a.RequestMappingHandlerMapping : Mapped to tn.esprit.tpfoyer.control.UniversiteRestController#addUniversite(Universite)
2025-07-18T01:01:20.999+01:00 DEBUG 160138 --- [           main] m.m.a.RequestResponseBodyMethodProcessor : Read "application/json" to [Universite(idUniversite=0, nomUniversite=Université Sans Foyer, adresse=Adresse Test, foyer=null)]
2025-07-18T01:01:21.009+01:00 DEBUG 160138 --- [           main] m.m.a.RequestResponseBodyMethodProcessor : Using 'application/json', given [*/*] and supported [application/json, application/*+json]
2025-07-18T01:01:21.010+01:00 DEBUG 160138 --- [           main] m.m.a.RequestResponseBodyMethodProcessor : Writing [Universite(idUniversite=0, nomUniversite=Université Sans Foyer, adresse=Adresse Test, foyer=null)]
]]></system-out>
  </testcase>
  <testcase name="testGetUniversiteById" classname="tn.esprit.tpfoyer.UniversiteRestControllerTest" time="0.085">
    <system-out><![CDATA[2025-07-18T01:01:21.060+01:00 DEBUG 160138 --- [           main] s.w.s.m.m.a.RequestMappingHandlerMapping : 5 mappings in org.springframework.web.servlet.mvc.method.annotation.RequestMappingHandlerMapping
2025-07-18T01:01:21.067+01:00 DEBUG 160138 --- [           main] s.w.s.m.m.a.RequestMappingHandlerAdapter : ControllerAdvice beans: 0 @ModelAttribute, 0 @InitBinder, 1 RequestBodyAdvice, 1 ResponseBodyAdvice
2025-07-18T01:01:21.068+01:00 DEBUG 160138 --- [           main] .m.m.a.ExceptionHandlerExceptionResolver : ControllerAdvice beans: 0 @ExceptionHandler, 1 ResponseBodyAdvice
2025-07-18T01:01:21.070+01:00  INFO 160138 --- [           main] o.s.mock.web.MockServletContext          : Initializing Spring TestDispatcherServlet ''
2025-07-18T01:01:21.070+01:00  INFO 160138 --- [           main] o.s.t.web.servlet.TestDispatcherServlet  : Initializing Servlet ''
2025-07-18T01:01:21.071+01:00  INFO 160138 --- [           main] o.s.t.web.servlet.TestDispatcherServlet  : Completed initialization in 0 ms
2025-07-18T01:01:21.077+01:00 DEBUG 160138 --- [           main] s.w.s.m.m.a.RequestMappingHandlerMapping : Mapped to tn.esprit.tpfoyer.control.UniversiteRestController#retrieveUniversite(Long)
2025-07-18T01:01:21.088+01:00 DEBUG 160138 --- [           main] m.m.a.RequestResponseBodyMethodProcessor : Using 'application/json', given [*/*] and supported [application/json, application/*+json]
2025-07-18T01:01:21.090+01:00 DEBUG 160138 --- [           main] m.m.a.RequestResponseBodyMethodProcessor : Writing [Universite(idUniversite=1, nomUniversite=Université de Tunis, adresse=Tunis, Tunisie, foyer=Foyer(id (truncated)...]
]]></system-out>
  </testcase>
  <testcase name="testAddUniversite" classname="tn.esprit.tpfoyer.UniversiteRestControllerTest" time="0.107">
    <system-out><![CDATA[2025-07-18T01:01:21.165+01:00 DEBUG 160138 --- [           main] s.w.s.m.m.a.RequestMappingHandlerMapping : 5 mappings in org.springframework.web.servlet.mvc.method.annotation.RequestMappingHandlerMapping
2025-07-18T01:01:21.173+01:00 DEBUG 160138 --- [           main] s.w.s.m.m.a.RequestMappingHandlerAdapter : ControllerAdvice beans: 0 @ModelAttribute, 0 @InitBinder, 1 RequestBodyAdvice, 1 ResponseBodyAdvice
2025-07-18T01:01:21.174+01:00 DEBUG 160138 --- [           main] .m.m.a.ExceptionHandlerExceptionResolver : ControllerAdvice beans: 0 @ExceptionHandler, 1 ResponseBodyAdvice
2025-07-18T01:01:21.175+01:00  INFO 160138 --- [           main] o.s.mock.web.MockServletContext          : Initializing Spring TestDispatcherServlet ''
2025-07-18T01:01:21.176+01:00  INFO 160138 --- [           main] o.s.t.web.servlet.TestDispatcherServlet  : Initializing Servlet ''
2025-07-18T01:01:21.177+01:00  INFO 160138 --- [           main] o.s.t.web.servlet.TestDispatcherServlet  : Completed initialization in 1 ms
2025-07-18T01:01:21.191+01:00 DEBUG 160138 --- [           main] s.w.s.m.m.a.RequestMappingHandlerMapping : Mapped to tn.esprit.tpfoyer.control.UniversiteRestController#addUniversite(Universite)
2025-07-18T01:01:21.211+01:00 DEBUG 160138 --- [           main] m.m.a.RequestResponseBodyMethodProcessor : Read "application/json" to [Universite(idUniversite=0, nomUniversite=Nouvelle Université, adresse=Nouvelle Adresse, foyer=Foyer( (truncated)...]
2025-07-18T01:01:21.219+01:00 DEBUG 160138 --- [           main] m.m.a.RequestResponseBodyMethodProcessor : Using 'application/json', given [*/*] and supported [application/json, application/*+json]
2025-07-18T01:01:21.221+01:00 DEBUG 160138 --- [           main] m.m.a.RequestResponseBodyMethodProcessor : Writing [Universite(idUniversite=0, nomUniversite=Nouvelle Université, adresse=Nouvelle Adresse, foyer=Foyer( (truncated)...]
]]></system-out>
  </testcase>
</testsuite>