<?xml version="1.0" encoding="UTF-8"?>
<testsuite xmlns:xsi="http://www.w3.org/2001/XMLSchema-instance" xsi:noNamespaceSchemaLocation="https://maven.apache.org/surefire/maven-surefire-plugin/xsd/surefire-test-report-3.0.xsd" version="3.0" name="tn.esprit.tpfoyer.FoyerUniversiteIntegrationTest" time="52.83" tests="5" errors="0" skipped="0" failures="0">
  <properties>
    <property name="java.specification.version" value="17"/>
    <property name="sun.jnu.encoding" value="UTF-8"/>
    <property name="java.class.path" value="/home/dhib/ProjetPerso/tpFoyer/target/test-classes:/home/dhib/ProjetPerso/tpFoyer/target/classes:/home/dhib/.m2/repository/org/springframework/boot/spring-boot-starter-data-jpa/3.3.4/spring-boot-starter-data-jpa-3.3.4.jar:/home/dhib/.m2/repository/org/springframework/boot/spring-boot-starter-aop/3.3.4/spring-boot-starter-aop-3.3.4.jar:/home/dhib/.m2/repository/org/springframework/spring-aop/6.1.13/spring-aop-6.1.13.jar:/home/dhib/.m2/repository/org/aspectj/aspectjweaver/1.9.22.1/aspectjweaver-1.9.22.1.jar:/home/dhib/.m2/repository/org/springframework/boot/spring-boot-starter-jdbc/3.3.4/spring-boot-starter-jdbc-3.3.4.jar:/home/dhib/.m2/repository/com/zaxxer/HikariCP/5.1.0/HikariCP-5.1.0.jar:/home/dhib/.m2/repository/org/springframework/spring-jdbc/6.1.13/spring-jdbc-6.1.13.jar:/home/dhib/.m2/repository/org/hibernate/orm/hibernate-core/6.5.3.Final/hibernate-core-6.5.3.Final.jar:/home/dhib/.m2/repository/jakarta/persistence/jakarta.persistence-api/3.1.0/jakarta.persistence-api-3.1.0.jar:/home/dhib/.m2/repository/jakarta/transaction/jakarta.transaction-api/2.0.1/jakarta.transaction-api-2.0.1.jar:/home/dhib/.m2/repository/org/jboss/logging/jboss-logging/3.5.3.Final/jboss-logging-3.5.3.Final.jar:/home/dhib/.m2/repository/org/hibernate/common/hibernate-commons-annotations/6.0.6.Final/hibernate-commons-annotations-6.0.6.Final.jar:/home/dhib/.m2/repository/io/smallrye/jandex/3.1.2/jandex-3.1.2.jar:/home/dhib/.m2/repository/com/fasterxml/classmate/1.7.0/classmate-1.7.0.jar:/home/dhib/.m2/repository/net/bytebuddy/byte-buddy/1.14.19/byte-buddy-1.14.19.jar:/home/dhib/.m2/repository/org/glassfish/jaxb/jaxb-runtime/4.0.5/jaxb-runtime-4.0.5.jar:/home/dhib/.m2/repository/org/glassfish/jaxb/jaxb-core/4.0.5/jaxb-core-4.0.5.jar:/home/dhib/.m2/repository/org/eclipse/angus/angus-activation/2.0.2/angus-activation-2.0.2.jar:/home/dhib/.m2/repository/org/glassfish/jaxb/txw2/4.0.5/txw2-4.0.5.jar:/home/dhib/.m2/repository/com/sun/istack/istack-commons-runtime/4.1.2/istack-commons-runtime-4.1.2.jar:/home/dhib/.m2/repository/jakarta/inject/jakarta.inject-api/2.0.1/jakarta.inject-api-2.0.1.jar:/home/dhib/.m2/repository/org/antlr/antlr4-runtime/4.13.0/antlr4-runtime-4.13.0.jar:/home/dhib/.m2/repository/org/springframework/data/spring-data-jpa/3.3.4/spring-data-jpa-3.3.4.jar:/home/dhib/.m2/repository/org/springframework/data/spring-data-commons/3.3.4/spring-data-commons-3.3.4.jar:/home/dhib/.m2/repository/org/springframework/spring-orm/6.1.13/spring-orm-6.1.13.jar:/home/dhib/.m2/repository/org/springframework/spring-context/6.1.13/spring-context-6.1.13.jar:/home/dhib/.m2/repository/org/springframework/spring-tx/6.1.13/spring-tx-6.1.13.jar:/home/dhib/.m2/repository/org/springframework/spring-beans/6.1.13/spring-beans-6.1.13.jar:/home/dhib/.m2/repository/jakarta/annotation/jakarta.annotation-api/2.1.1/jakarta.annotation-api-2.1.1.jar:/home/dhib/.m2/repository/org/slf4j/slf4j-api/2.0.16/slf4j-api-2.0.16.jar:/home/dhib/.m2/repository/org/springframework/spring-aspects/6.1.13/spring-aspects-6.1.13.jar:/home/dhib/.m2/repository/org/springframework/boot/spring-boot-starter-web/3.3.4/spring-boot-starter-web-3.3.4.jar:/home/dhib/.m2/repository/org/springframework/boot/spring-boot-starter/3.3.4/spring-boot-starter-3.3.4.jar:/home/dhib/.m2/repository/org/springframework/boot/spring-boot/3.3.4/spring-boot-3.3.4.jar:/home/dhib/.m2/repository/org/springframework/boot/spring-boot-autoconfigure/3.3.4/spring-boot-autoconfigure-3.3.4.jar:/home/dhib/.m2/repository/org/springframework/boot/spring-boot-starter-logging/3.3.4/spring-boot-starter-logging-3.3.4.jar:/home/dhib/.m2/repository/ch/qos/logback/logback-classic/1.5.8/logback-classic-1.5.8.jar:/home/dhib/.m2/repository/ch/qos/logback/logback-core/1.5.8/logback-core-1.5.8.jar:/home/dhib/.m2/repository/org/apache/logging/log4j/log4j-to-slf4j/2.23.1/log4j-to-slf4j-2.23.1.jar:/home/dhib/.m2/repository/org/apache/logging/log4j/log4j-api/2.23.1/log4j-api-2.23.1.jar:/home/dhib/.m2/repository/org/slf4j/jul-to-slf4j/2.0.16/jul-to-slf4j-2.0.16.jar:/home/dhib/.m2/repository/org/yaml/snakeyaml/2.2/snakeyaml-2.2.jar:/home/dhib/.m2/repository/org/springframework/boot/spring-boot-starter-json/3.3.4/spring-boot-starter-json-3.3.4.jar:/home/dhib/.m2/repository/com/fasterxml/jackson/core/jackson-databind/2.17.2/jackson-databind-2.17.2.jar:/home/dhib/.m2/repository/com/fasterxml/jackson/core/jackson-annotations/2.17.2/jackson-annotations-2.17.2.jar:/home/dhib/.m2/repository/com/fasterxml/jackson/core/jackson-core/2.17.2/jackson-core-2.17.2.jar:/home/dhib/.m2/repository/com/fasterxml/jackson/datatype/jackson-datatype-jdk8/2.17.2/jackson-datatype-jdk8-2.17.2.jar:/home/dhib/.m2/repository/com/fasterxml/jackson/datatype/jackson-datatype-jsr310/2.17.2/jackson-datatype-jsr310-2.17.2.jar:/home/dhib/.m2/repository/com/fasterxml/jackson/module/jackson-module-parameter-names/2.17.2/jackson-module-parameter-names-2.17.2.jar:/home/dhib/.m2/repository/org/springframework/boot/spring-boot-starter-tomcat/3.3.4/spring-boot-starter-tomcat-3.3.4.jar:/home/dhib/.m2/repository/org/apache/tomcat/embed/tomcat-embed-core/10.1.30/tomcat-embed-core-10.1.30.jar:/home/dhib/.m2/repository/org/apache/tomcat/embed/tomcat-embed-el/10.1.30/tomcat-embed-el-10.1.30.jar:/home/dhib/.m2/repository/org/apache/tomcat/embed/tomcat-embed-websocket/10.1.30/tomcat-embed-websocket-10.1.30.jar:/home/dhib/.m2/repository/org/springframework/spring-web/6.1.13/spring-web-6.1.13.jar:/home/dhib/.m2/repository/io/micrometer/micrometer-observation/1.13.4/micrometer-observation-1.13.4.jar:/home/dhib/.m2/repository/io/micrometer/micrometer-commons/1.13.4/micrometer-commons-1.13.4.jar:/home/dhib/.m2/repository/org/springframework/spring-webmvc/6.1.13/spring-webmvc-6.1.13.jar:/home/dhib/.m2/repository/org/springframework/spring-expression/6.1.13/spring-expression-6.1.13.jar:/home/dhib/.m2/repository/com/mysql/mysql-connector-j/8.3.0/mysql-connector-j-8.3.0.jar:/home/dhib/.m2/repository/org/projectlombok/lombok/1.18.34/lombok-1.18.34.jar:/home/dhib/.m2/repository/org/springframework/boot/spring-boot-starter-test/3.3.4/spring-boot-starter-test-3.3.4.jar:/home/dhib/.m2/repository/org/springframework/boot/spring-boot-test/3.3.4/spring-boot-test-3.3.4.jar:/home/dhib/.m2/repository/org/springframework/boot/spring-boot-test-autoconfigure/3.3.4/spring-boot-test-autoconfigure-3.3.4.jar:/home/dhib/.m2/repository/com/jayway/jsonpath/json-path/2.9.0/json-path-2.9.0.jar:/home/dhib/.m2/repository/jakarta/xml/bind/jakarta.xml.bind-api/4.0.2/jakarta.xml.bind-api-4.0.2.jar:/home/dhib/.m2/repository/jakarta/activation/jakarta.activation-api/2.1.3/jakarta.activation-api-2.1.3.jar:/home/dhib/.m2/repository/net/minidev/json-smart/2.5.1/json-smart-2.5.1.jar:/home/dhib/.m2/repository/net/minidev/accessors-smart/2.5.1/accessors-smart-2.5.1.jar:/home/dhib/.m2/repository/org/ow2/asm/asm/9.6/asm-9.6.jar:/home/dhib/.m2/repository/org/assertj/assertj-core/3.25.3/assertj-core-3.25.3.jar:/home/dhib/.m2/repository/org/awaitility/awaitility/4.2.2/awaitility-4.2.2.jar:/home/dhib/.m2/repository/org/hamcrest/hamcrest/2.2/hamcrest-2.2.jar:/home/dhib/.m2/repository/org/junit/jupiter/junit-jupiter/5.10.3/junit-jupiter-5.10.3.jar:/home/dhib/.m2/repository/org/junit/jupiter/junit-jupiter-api/5.10.3/junit-jupiter-api-5.10.3.jar:/home/dhib/.m2/repository/org/opentest4j/opentest4j/1.3.0/opentest4j-1.3.0.jar:/home/dhib/.m2/repository/org/junit/platform/junit-platform-commons/1.10.3/junit-platform-commons-1.10.3.jar:/home/dhib/.m2/repository/org/apiguardian/apiguardian-api/1.1.2/apiguardian-api-1.1.2.jar:/home/dhib/.m2/repository/org/junit/jupiter/junit-jupiter-params/5.10.3/junit-jupiter-params-5.10.3.jar:/home/dhib/.m2/repository/org/junit/jupiter/junit-jupiter-engine/5.10.3/junit-jupiter-engine-5.10.3.jar:/home/dhib/.m2/repository/org/junit/platform/junit-platform-engine/1.10.3/junit-platform-engine-1.10.3.jar:/home/dhib/.m2/repository/org/mockito/mockito-core/5.11.0/mockito-core-5.11.0.jar:/home/dhib/.m2/repository/net/bytebuddy/byte-buddy-agent/1.14.19/byte-buddy-agent-1.14.19.jar:/home/dhib/.m2/repository/org/objenesis/objenesis/3.3/objenesis-3.3.jar:/home/dhib/.m2/repository/org/mockito/mockito-junit-jupiter/5.11.0/mockito-junit-jupiter-5.11.0.jar:/home/dhib/.m2/repository/org/skyscreamer/jsonassert/1.5.3/jsonassert-1.5.3.jar:/home/dhib/.m2/repository/com/vaadin/external/google/android-json/0.0.20131108.vaadin1/android-json-0.0.20131108.vaadin1.jar:/home/dhib/.m2/repository/org/springframework/spring-core/6.1.13/spring-core-6.1.13.jar:/home/dhib/.m2/repository/org/springframework/spring-jcl/6.1.13/spring-jcl-6.1.13.jar:/home/dhib/.m2/repository/org/springframework/spring-test/6.1.13/spring-test-6.1.13.jar:/home/dhib/.m2/repository/org/xmlunit/xmlunit-core/2.9.1/xmlunit-core-2.9.1.jar:/home/dhib/.m2/repository/com/h2database/h2/2.2.224/h2-2.2.224.jar:/home/dhib/.m2/repository/org/springdoc/springdoc-openapi-starter-webmvc-ui/2.1.0/springdoc-openapi-starter-webmvc-ui-2.1.0.jar:/home/dhib/.m2/repository/org/springdoc/springdoc-openapi-starter-webmvc-api/2.1.0/springdoc-openapi-starter-webmvc-api-2.1.0.jar:/home/dhib/.m2/repository/org/springdoc/springdoc-openapi-starter-common/2.1.0/springdoc-openapi-starter-common-2.1.0.jar:/home/dhib/.m2/repository/io/swagger/core/v3/swagger-core-jakarta/2.2.9/swagger-core-jakarta-2.2.9.jar:/home/dhib/.m2/repository/org/apache/commons/commons-lang3/3.14.0/commons-lang3-3.14.0.jar:/home/dhib/.m2/repository/io/swagger/core/v3/swagger-annotations-jakarta/2.2.9/swagger-annotations-jakarta-2.2.9.jar:/home/dhib/.m2/repository/io/swagger/core/v3/swagger-models-jakarta/2.2.9/swagger-models-jakarta-2.2.9.jar:/home/dhib/.m2/repository/jakarta/validation/jakarta.validation-api/3.0.2/jakarta.validation-api-3.0.2.jar:/home/dhib/.m2/repository/com/fasterxml/jackson/dataformat/jackson-dataformat-yaml/2.17.2/jackson-dataformat-yaml-2.17.2.jar:/home/dhib/.m2/repository/org/webjars/swagger-ui/4.18.2/swagger-ui-4.18.2.jar:"/>
    <property name="java.vm.vendor" value="Ubuntu"/>
    <property name="sun.arch.data.model" value="64"/>
    <property name="java.vendor.url" value="https://ubuntu.com/"/>
    <property name="user.timezone" value="Africa/Tunis"/>
    <property name="org.jboss.logging.provider" value="slf4j"/>
    <property name="os.name" value="Linux"/>
    <property name="java.vm.specification.version" value="17"/>
    <property name="sun.java.launcher" value="SUN_STANDARD"/>
    <property name="user.country" value="US"/>
    <property name="sun.boot.library.path" value="/usr/lib/jvm/java-17-openjdk-amd64/lib"/>
    <property name="sun.java.command" value="/home/dhib/ProjetPerso/tpFoyer/target/surefire/surefirebooter-20250718010012207_3.jar /home/dhib/ProjetPerso/tpFoyer/target/surefire 2025-07-18T01-00-11_935-jvmRun1 surefire-20250718010012207_1tmp surefire_0-20250718010012207_2tmp"/>
    <property name="jdk.debug" value="release"/>
    <property name="surefire.test.class.path" value="/home/dhib/ProjetPerso/tpFoyer/target/test-classes:/home/dhib/ProjetPerso/tpFoyer/target/classes:/home/dhib/.m2/repository/org/springframework/boot/spring-boot-starter-data-jpa/3.3.4/spring-boot-starter-data-jpa-3.3.4.jar:/home/dhib/.m2/repository/org/springframework/boot/spring-boot-starter-aop/3.3.4/spring-boot-starter-aop-3.3.4.jar:/home/dhib/.m2/repository/org/springframework/spring-aop/6.1.13/spring-aop-6.1.13.jar:/home/dhib/.m2/repository/org/aspectj/aspectjweaver/1.9.22.1/aspectjweaver-1.9.22.1.jar:/home/dhib/.m2/repository/org/springframework/boot/spring-boot-starter-jdbc/3.3.4/spring-boot-starter-jdbc-3.3.4.jar:/home/dhib/.m2/repository/com/zaxxer/HikariCP/5.1.0/HikariCP-5.1.0.jar:/home/dhib/.m2/repository/org/springframework/spring-jdbc/6.1.13/spring-jdbc-6.1.13.jar:/home/dhib/.m2/repository/org/hibernate/orm/hibernate-core/6.5.3.Final/hibernate-core-6.5.3.Final.jar:/home/dhib/.m2/repository/jakarta/persistence/jakarta.persistence-api/3.1.0/jakarta.persistence-api-3.1.0.jar:/home/dhib/.m2/repository/jakarta/transaction/jakarta.transaction-api/2.0.1/jakarta.transaction-api-2.0.1.jar:/home/dhib/.m2/repository/org/jboss/logging/jboss-logging/3.5.3.Final/jboss-logging-3.5.3.Final.jar:/home/dhib/.m2/repository/org/hibernate/common/hibernate-commons-annotations/6.0.6.Final/hibernate-commons-annotations-6.0.6.Final.jar:/home/dhib/.m2/repository/io/smallrye/jandex/3.1.2/jandex-3.1.2.jar:/home/dhib/.m2/repository/com/fasterxml/classmate/1.7.0/classmate-1.7.0.jar:/home/dhib/.m2/repository/net/bytebuddy/byte-buddy/1.14.19/byte-buddy-1.14.19.jar:/home/dhib/.m2/repository/org/glassfish/jaxb/jaxb-runtime/4.0.5/jaxb-runtime-4.0.5.jar:/home/dhib/.m2/repository/org/glassfish/jaxb/jaxb-core/4.0.5/jaxb-core-4.0.5.jar:/home/dhib/.m2/repository/org/eclipse/angus/angus-activation/2.0.2/angus-activation-2.0.2.jar:/home/dhib/.m2/repository/org/glassfish/jaxb/txw2/4.0.5/txw2-4.0.5.jar:/home/dhib/.m2/repository/com/sun/istack/istack-commons-runtime/4.1.2/istack-commons-runtime-4.1.2.jar:/home/dhib/.m2/repository/jakarta/inject/jakarta.inject-api/2.0.1/jakarta.inject-api-2.0.1.jar:/home/dhib/.m2/repository/org/antlr/antlr4-runtime/4.13.0/antlr4-runtime-4.13.0.jar:/home/dhib/.m2/repository/org/springframework/data/spring-data-jpa/3.3.4/spring-data-jpa-3.3.4.jar:/home/dhib/.m2/repository/org/springframework/data/spring-data-commons/3.3.4/spring-data-commons-3.3.4.jar:/home/dhib/.m2/repository/org/springframework/spring-orm/6.1.13/spring-orm-6.1.13.jar:/home/dhib/.m2/repository/org/springframework/spring-context/6.1.13/spring-context-6.1.13.jar:/home/dhib/.m2/repository/org/springframework/spring-tx/6.1.13/spring-tx-6.1.13.jar:/home/dhib/.m2/repository/org/springframework/spring-beans/6.1.13/spring-beans-6.1.13.jar:/home/dhib/.m2/repository/jakarta/annotation/jakarta.annotation-api/2.1.1/jakarta.annotation-api-2.1.1.jar:/home/dhib/.m2/repository/org/slf4j/slf4j-api/2.0.16/slf4j-api-2.0.16.jar:/home/dhib/.m2/repository/org/springframework/spring-aspects/6.1.13/spring-aspects-6.1.13.jar:/home/dhib/.m2/repository/org/springframework/boot/spring-boot-starter-web/3.3.4/spring-boot-starter-web-3.3.4.jar:/home/dhib/.m2/repository/org/springframework/boot/spring-boot-starter/3.3.4/spring-boot-starter-3.3.4.jar:/home/dhib/.m2/repository/org/springframework/boot/spring-boot/3.3.4/spring-boot-3.3.4.jar:/home/dhib/.m2/repository/org/springframework/boot/spring-boot-autoconfigure/3.3.4/spring-boot-autoconfigure-3.3.4.jar:/home/dhib/.m2/repository/org/springframework/boot/spring-boot-starter-logging/3.3.4/spring-boot-starter-logging-3.3.4.jar:/home/dhib/.m2/repository/ch/qos/logback/logback-classic/1.5.8/logback-classic-1.5.8.jar:/home/dhib/.m2/repository/ch/qos/logback/logback-core/1.5.8/logback-core-1.5.8.jar:/home/dhib/.m2/repository/org/apache/logging/log4j/log4j-to-slf4j/2.23.1/log4j-to-slf4j-2.23.1.jar:/home/dhib/.m2/repository/org/apache/logging/log4j/log4j-api/2.23.1/log4j-api-2.23.1.jar:/home/dhib/.m2/repository/org/slf4j/jul-to-slf4j/2.0.16/jul-to-slf4j-2.0.16.jar:/home/dhib/.m2/repository/org/yaml/snakeyaml/2.2/snakeyaml-2.2.jar:/home/dhib/.m2/repository/org/springframework/boot/spring-boot-starter-json/3.3.4/spring-boot-starter-json-3.3.4.jar:/home/dhib/.m2/repository/com/fasterxml/jackson/core/jackson-databind/2.17.2/jackson-databind-2.17.2.jar:/home/dhib/.m2/repository/com/fasterxml/jackson/core/jackson-annotations/2.17.2/jackson-annotations-2.17.2.jar:/home/dhib/.m2/repository/com/fasterxml/jackson/core/jackson-core/2.17.2/jackson-core-2.17.2.jar:/home/dhib/.m2/repository/com/fasterxml/jackson/datatype/jackson-datatype-jdk8/2.17.2/jackson-datatype-jdk8-2.17.2.jar:/home/dhib/.m2/repository/com/fasterxml/jackson/datatype/jackson-datatype-jsr310/2.17.2/jackson-datatype-jsr310-2.17.2.jar:/home/dhib/.m2/repository/com/fasterxml/jackson/module/jackson-module-parameter-names/2.17.2/jackson-module-parameter-names-2.17.2.jar:/home/dhib/.m2/repository/org/springframework/boot/spring-boot-starter-tomcat/3.3.4/spring-boot-starter-tomcat-3.3.4.jar:/home/dhib/.m2/repository/org/apache/tomcat/embed/tomcat-embed-core/10.1.30/tomcat-embed-core-10.1.30.jar:/home/dhib/.m2/repository/org/apache/tomcat/embed/tomcat-embed-el/10.1.30/tomcat-embed-el-10.1.30.jar:/home/dhib/.m2/repository/org/apache/tomcat/embed/tomcat-embed-websocket/10.1.30/tomcat-embed-websocket-10.1.30.jar:/home/dhib/.m2/repository/org/springframework/spring-web/6.1.13/spring-web-6.1.13.jar:/home/dhib/.m2/repository/io/micrometer/micrometer-observation/1.13.4/micrometer-observation-1.13.4.jar:/home/dhib/.m2/repository/io/micrometer/micrometer-commons/1.13.4/micrometer-commons-1.13.4.jar:/home/dhib/.m2/repository/org/springframework/spring-webmvc/6.1.13/spring-webmvc-6.1.13.jar:/home/dhib/.m2/repository/org/springframework/spring-expression/6.1.13/spring-expression-6.1.13.jar:/home/dhib/.m2/repository/com/mysql/mysql-connector-j/8.3.0/mysql-connector-j-8.3.0.jar:/home/dhib/.m2/repository/org/projectlombok/lombok/1.18.34/lombok-1.18.34.jar:/home/dhib/.m2/repository/org/springframework/boot/spring-boot-starter-test/3.3.4/spring-boot-starter-test-3.3.4.jar:/home/dhib/.m2/repository/org/springframework/boot/spring-boot-test/3.3.4/spring-boot-test-3.3.4.jar:/home/dhib/.m2/repository/org/springframework/boot/spring-boot-test-autoconfigure/3.3.4/spring-boot-test-autoconfigure-3.3.4.jar:/home/dhib/.m2/repository/com/jayway/jsonpath/json-path/2.9.0/json-path-2.9.0.jar:/home/dhib/.m2/repository/jakarta/xml/bind/jakarta.xml.bind-api/4.0.2/jakarta.xml.bind-api-4.0.2.jar:/home/dhib/.m2/repository/jakarta/activation/jakarta.activation-api/2.1.3/jakarta.activation-api-2.1.3.jar:/home/dhib/.m2/repository/net/minidev/json-smart/2.5.1/json-smart-2.5.1.jar:/home/dhib/.m2/repository/net/minidev/accessors-smart/2.5.1/accessors-smart-2.5.1.jar:/home/dhib/.m2/repository/org/ow2/asm/asm/9.6/asm-9.6.jar:/home/dhib/.m2/repository/org/assertj/assertj-core/3.25.3/assertj-core-3.25.3.jar:/home/dhib/.m2/repository/org/awaitility/awaitility/4.2.2/awaitility-4.2.2.jar:/home/dhib/.m2/repository/org/hamcrest/hamcrest/2.2/hamcrest-2.2.jar:/home/dhib/.m2/repository/org/junit/jupiter/junit-jupiter/5.10.3/junit-jupiter-5.10.3.jar:/home/dhib/.m2/repository/org/junit/jupiter/junit-jupiter-api/5.10.3/junit-jupiter-api-5.10.3.jar:/home/dhib/.m2/repository/org/opentest4j/opentest4j/1.3.0/opentest4j-1.3.0.jar:/home/dhib/.m2/repository/org/junit/platform/junit-platform-commons/1.10.3/junit-platform-commons-1.10.3.jar:/home/dhib/.m2/repository/org/apiguardian/apiguardian-api/1.1.2/apiguardian-api-1.1.2.jar:/home/dhib/.m2/repository/org/junit/jupiter/junit-jupiter-params/5.10.3/junit-jupiter-params-5.10.3.jar:/home/dhib/.m2/repository/org/junit/jupiter/junit-jupiter-engine/5.10.3/junit-jupiter-engine-5.10.3.jar:/home/dhib/.m2/repository/org/junit/platform/junit-platform-engine/1.10.3/junit-platform-engine-1.10.3.jar:/home/dhib/.m2/repository/org/mockito/mockito-core/5.11.0/mockito-core-5.11.0.jar:/home/dhib/.m2/repository/net/bytebuddy/byte-buddy-agent/1.14.19/byte-buddy-agent-1.14.19.jar:/home/dhib/.m2/repository/org/objenesis/objenesis/3.3/objenesis-3.3.jar:/home/dhib/.m2/repository/org/mockito/mockito-junit-jupiter/5.11.0/mockito-junit-jupiter-5.11.0.jar:/home/dhib/.m2/repository/org/skyscreamer/jsonassert/1.5.3/jsonassert-1.5.3.jar:/home/dhib/.m2/repository/com/vaadin/external/google/android-json/0.0.20131108.vaadin1/android-json-0.0.20131108.vaadin1.jar:/home/dhib/.m2/repository/org/springframework/spring-core/6.1.13/spring-core-6.1.13.jar:/home/dhib/.m2/repository/org/springframework/spring-jcl/6.1.13/spring-jcl-6.1.13.jar:/home/dhib/.m2/repository/org/springframework/spring-test/6.1.13/spring-test-6.1.13.jar:/home/dhib/.m2/repository/org/xmlunit/xmlunit-core/2.9.1/xmlunit-core-2.9.1.jar:/home/dhib/.m2/repository/com/h2database/h2/2.2.224/h2-2.2.224.jar:/home/dhib/.m2/repository/org/springdoc/springdoc-openapi-starter-webmvc-ui/2.1.0/springdoc-openapi-starter-webmvc-ui-2.1.0.jar:/home/dhib/.m2/repository/org/springdoc/springdoc-openapi-starter-webmvc-api/2.1.0/springdoc-openapi-starter-webmvc-api-2.1.0.jar:/home/dhib/.m2/repository/org/springdoc/springdoc-openapi-starter-common/2.1.0/springdoc-openapi-starter-common-2.1.0.jar:/home/dhib/.m2/repository/io/swagger/core/v3/swagger-core-jakarta/2.2.9/swagger-core-jakarta-2.2.9.jar:/home/dhib/.m2/repository/org/apache/commons/commons-lang3/3.14.0/commons-lang3-3.14.0.jar:/home/dhib/.m2/repository/io/swagger/core/v3/swagger-annotations-jakarta/2.2.9/swagger-annotations-jakarta-2.2.9.jar:/home/dhib/.m2/repository/io/swagger/core/v3/swagger-models-jakarta/2.2.9/swagger-models-jakarta-2.2.9.jar:/home/dhib/.m2/repository/jakarta/validation/jakarta.validation-api/3.0.2/jakarta.validation-api-3.0.2.jar:/home/dhib/.m2/repository/com/fasterxml/jackson/dataformat/jackson-dataformat-yaml/2.17.2/jackson-dataformat-yaml-2.17.2.jar:/home/dhib/.m2/repository/org/webjars/swagger-ui/4.18.2/swagger-ui-4.18.2.jar:"/>
    <property name="sun.cpu.endian" value="little"/>
    <property name="user.home" value="/home/dhib"/>
    <property name="user.language" value="en"/>
    <property name="java.specification.vendor" value="Oracle Corporation"/>
    <property name="java.version.date" value="2025-04-15"/>
    <property name="java.home" value="/usr/lib/jvm/java-17-openjdk-amd64"/>
    <property name="file.separator" value="/"/>
    <property name="basedir" value="/home/dhib/ProjetPerso/tpFoyer"/>
    <property name="java.vm.compressedOopsMode" value="Zero based"/>
    <property name="line.separator" value="&#10;"/>
    <property name="java.vm.specification.vendor" value="Oracle Corporation"/>
    <property name="java.specification.name" value="Java Platform API Specification"/>
    <property name="FILE_LOG_CHARSET" value="UTF-8"/>
    <property name="java.awt.headless" value="true"/>
    <property name="surefire.real.class.path" value="/home/dhib/ProjetPerso/tpFoyer/target/surefire/surefirebooter-20250718010012207_3.jar"/>
    <property name="sun.management.compiler" value="HotSpot 64-Bit Tiered Compilers"/>
    <property name="java.runtime.version" value="17.0.15+6-Ubuntu-0ubuntu120.04"/>
    <property name="user.name" value="dhib"/>
    <property name="path.separator" value=":"/>
    <property name="os.version" value="5.15.0-139-generic"/>
    <property name="java.runtime.name" value="OpenJDK Runtime Environment"/>
    <property name="file.encoding" value="UTF-8"/>
    <property name="java.vm.name" value="OpenJDK 64-Bit Server VM"/>
    <property name="localRepository" value="/home/dhib/.m2/repository"/>
    <property name="java.vendor.url.bug" value="https://bugs.launchpad.net/ubuntu/+source/openjdk-17"/>
    <property name="java.io.tmpdir" value="/tmp"/>
    <property name="com.zaxxer.hikari.pool_number" value="1"/>
    <property name="java.version" value="17.0.15"/>
    <property name="user.dir" value="/home/dhib/ProjetPerso/tpFoyer"/>
    <property name="os.arch" value="amd64"/>
    <property name="java.vm.specification.name" value="Java Virtual Machine Specification"/>
    <property name="PID" value="160138"/>
    <property name="CONSOLE_LOG_CHARSET" value="UTF-8"/>
    <property name="native.encoding" value="UTF-8"/>
    <property name="java.library.path" value="/tmp/.mount_CursorjQfj83/usr/lib/:/tmp/.mount_CursorjQfj83/usr/lib32/:/tmp/.mount_CursorjQfj83/usr/lib64/:/tmp/.mount_CursorjQfj83/lib/:/tmp/.mount_CursorjQfj83/lib/i386-linux-gnu/:/tmp/.mount_CursorjQfj83/lib/x86_64-linux-gnu/:/tmp/.mount_CursorjQfj83/lib/aarch64-linux-gnu/:/tmp/.mount_CursorjQfj83/lib32/:/tmp/.mount_CursorjQfj83/lib64/::/usr/java/packages/lib:/usr/lib/x86_64-linux-gnu/jni:/lib/x86_64-linux-gnu:/usr/lib/x86_64-linux-gnu:/usr/lib/jni:/lib:/usr/lib"/>
    <property name="java.vm.info" value="mixed mode, sharing"/>
    <property name="java.vendor" value="Ubuntu"/>
    <property name="java.vm.version" value="17.0.15+6-Ubuntu-0ubuntu120.04"/>
    <property name="java.specification.maintenance.version" value="1"/>
    <property name="sun.io.unicode.encoding" value="UnicodeLittle"/>
    <property name="java.class.version" value="61.0"/>
  </properties>
  <testcase name="testFoyerCRUD_Integration" classname="tn.esprit.tpfoyer.FoyerUniversiteIntegrationTest" time="4.99">
    <system-out><![CDATA[01:00:19.627 [main] INFO org.springframework.test.context.support.AnnotationConfigContextLoaderUtils -- Could not detect default configuration classes for test class [tn.esprit.tpfoyer.FoyerUniversiteIntegrationTest]: FoyerUniversiteIntegrationTest does not declare any static, non-private, non-final, nested classes annotated with @Configuration.
01:00:20.717 [main] INFO org.springframework.boot.test.context.SpringBootTestContextBootstrapper -- Found @SpringBootConfiguration tn.esprit.tpfoyer.TpFoyerApplication for test class tn.esprit.tpfoyer.FoyerUniversiteIntegrationTest

  .   ____          _            __ _ _
 /\\ / ___'_ __ _ _(_)_ __  __ _ \ \ \ \
( ( )\___ | '_ | '_| | '_ \/ _` | \ \ \ \
 \\/  ___)| |_)| | | | | || (_| |  ) ) ) )
  '  |____| .__|_| |_|_| |_\__, | / / / /
 =========|_|==============|___/=/_/_/_/

 :: Spring Boot ::                (v3.3.4)

2025-07-18T01:00:23.418+01:00  INFO 160138 --- [           main] t.e.t.FoyerUniversiteIntegrationTest     : Starting FoyerUniversiteIntegrationTest using Java 17.0.15 with PID 160138 (started by dhib in /home/dhib/ProjetPerso/tpFoyer)
2025-07-18T01:00:23.426+01:00  INFO 160138 --- [           main] t.e.t.FoyerUniversiteIntegrationTest     : The following 1 profile is active: "test"
2025-07-18T01:00:23.685+01:00 DEBUG 160138 --- [           main] o.s.w.c.s.GenericWebApplicationContext   : Refreshing org.springframework.web.context.support.GenericWebApplicationContext@388c519
2025-07-18T01:00:29.026+01:00  INFO 160138 --- [           main] .s.d.r.c.RepositoryConfigurationDelegate : Bootstrapping Spring Data JPA repositories in DEFAULT mode.
2025-07-18T01:00:29.672+01:00  INFO 160138 --- [           main] .s.d.r.c.RepositoryConfigurationDelegate : Finished Spring Data repository scanning in 524 ms. Found 6 JPA repository interfaces.
2025-07-18T01:00:35.265+01:00  INFO 160138 --- [           main] o.hibernate.jpa.internal.util.LogHelper  : HHH000204: Processing PersistenceUnitInfo [name: default]
2025-07-18T01:00:36.062+01:00  INFO 160138 --- [           main] org.hibernate.Version                    : HHH000412: Hibernate ORM core version 6.5.3.Final
2025-07-18T01:00:36.329+01:00  INFO 160138 --- [           main] o.h.c.internal.RegionFactoryInitiator    : HHH000026: Second-level cache disabled
2025-07-18T01:00:38.137+01:00  INFO 160138 --- [           main] o.s.o.j.p.SpringPersistenceUnitInfo      : No LoadTimeWeaver setup: ignoring JPA class transformer
2025-07-18T01:00:38.361+01:00  INFO 160138 --- [           main] com.zaxxer.hikari.HikariDataSource       : HikariPool-1 - Starting...
2025-07-18T01:00:40.617+01:00  INFO 160138 --- [           main] com.zaxxer.hikari.pool.HikariPool        : HikariPool-1 - Added connection conn0: url=jdbc:h2:mem:testdb user=SA
2025-07-18T01:00:40.627+01:00  INFO 160138 --- [           main] com.zaxxer.hikari.HikariDataSource       : HikariPool-1 - Start completed.
2025-07-18T01:00:40.936+01:00  WARN 160138 --- [           main] org.hibernate.orm.deprecation            : HHH90000025: H2Dialect does not need to be specified explicitly using 'hibernate.dialect' (remove the property setting and it will be selected by default)
2025-07-18T01:00:49.441+01:00  INFO 160138 --- [           main] o.h.e.t.j.p.i.JtaPlatformInitiator       : HHH000489: No JTA platform available (set 'hibernate.transaction.jta.platform' to enable JTA platform integration)
2025-07-18T01:00:49.497+01:00 DEBUG 160138 --- [           main] org.hibernate.SQL                        : 
    drop table if exists bloc cascade 
Hibernate: 
    drop table if exists bloc cascade 
2025-07-18T01:00:49.513+01:00 DEBUG 160138 --- [           main] org.hibernate.SQL                        : 
    drop table if exists chambre cascade 
Hibernate: 
    drop table if exists chambre cascade 
2025-07-18T01:00:49.513+01:00 DEBUG 160138 --- [           main] org.hibernate.SQL                        : 
    drop table if exists chambre_reservations cascade 
Hibernate: 
    drop table if exists chambre_reservations cascade 
2025-07-18T01:00:49.514+01:00 DEBUG 160138 --- [           main] org.hibernate.SQL                        : 
    drop table if exists etudiant cascade 
Hibernate: 
    drop table if exists etudiant cascade 
2025-07-18T01:00:49.514+01:00 DEBUG 160138 --- [           main] org.hibernate.SQL                        : 
    drop table if exists foyer cascade 
Hibernate: 
    drop table if exists foyer cascade 
2025-07-18T01:00:49.515+01:00 DEBUG 160138 --- [           main] org.hibernate.SQL                        : 
    drop table if exists reservation cascade 
Hibernate: 
    drop table if exists reservation cascade 
2025-07-18T01:00:49.515+01:00 DEBUG 160138 --- [           main] org.hibernate.SQL                        : 
    drop table if exists reservation_etudiants cascade 
Hibernate: 
    drop table if exists reservation_etudiants cascade 
2025-07-18T01:00:49.516+01:00 DEBUG 160138 --- [           main] org.hibernate.SQL                        : 
    drop table if exists universite cascade 
Hibernate: 
    drop table if exists universite cascade 
2025-07-18T01:00:49.529+01:00 DEBUG 160138 --- [           main] org.hibernate.SQL                        : 
    create table bloc (
        capacite_bloc bigint not null,
        foyer_id_foyer bigint,
        id_bloc bigint generated by default as identity,
        nom_bloc varchar(255),
        primary key (id_bloc)
    )
Hibernate: 
    create table bloc (
        capacite_bloc bigint not null,
        foyer_id_foyer bigint,
        id_bloc bigint generated by default as identity,
        nom_bloc varchar(255),
        primary key (id_bloc)
    )
2025-07-18T01:00:49.557+01:00 DEBUG 160138 --- [           main] org.hibernate.SQL                        : 
    create table chambre (
        bloc_id_bloc bigint,
        id_chambre bigint generated by default as identity,
        numero_chambre bigint not null,
        typec enum ('DOUBLE','SIMPLE','TRIPLE'),
        primary key (id_chambre)
    )
Hibernate: 
    create table chambre (
        bloc_id_bloc bigint,
        id_chambre bigint generated by default as identity,
        numero_chambre bigint not null,
        typec enum ('DOUBLE','SIMPLE','TRIPLE'),
        primary key (id_chambre)
    )
2025-07-18T01:00:49.566+01:00 DEBUG 160138 --- [           main] org.hibernate.SQL                        : 
    create table chambre_reservations (
        chambre_id_chambre bigint not null,
        reservations_id_reservation varchar(255) not null unique,
        primary key (chambre_id_chambre, reservations_id_reservation)
    )
Hibernate: 
    create table chambre_reservations (
        chambre_id_chambre bigint not null,
        reservations_id_reservation varchar(255) not null unique,
        primary key (chambre_id_chambre, reservations_id_reservation)
    )
2025-07-18T01:00:49.577+01:00 DEBUG 160138 --- [           main] org.hibernate.SQL                        : 
    create table etudiant (
        cin_etudiant bigint not null,
        date_naissance timestamp(6),
        id_etudiant bigint generated by default as identity,
        nom_etudiant varchar(255),
        prenom_etudiant varchar(255),
        primary key (id_etudiant)
    )
Hibernate: 
    create table etudiant (
        cin_etudiant bigint not null,
        date_naissance timestamp(6),
        id_etudiant bigint generated by default as identity,
        nom_etudiant varchar(255),
        prenom_etudiant varchar(255),
        primary key (id_etudiant)
    )
2025-07-18T01:00:49.584+01:00 DEBUG 160138 --- [           main] org.hibernate.SQL                        : 
    create table foyer (
        capacite_foyer bigint not null,
        id_foyer bigint generated by default as identity,
        nom_foyer varchar(255),
        primary key (id_foyer)
    )
Hibernate: 
    create table foyer (
        capacite_foyer bigint not null,
        id_foyer bigint generated by default as identity,
        nom_foyer varchar(255),
        primary key (id_foyer)
    )
2025-07-18T01:00:49.590+01:00 DEBUG 160138 --- [           main] org.hibernate.SQL                        : 
    create table reservation (
        est_valide boolean not null,
        annee_universitaire timestamp(6),
        id_reservation varchar(255) not null,
        primary key (id_reservation)
    )
Hibernate: 
    create table reservation (
        est_valide boolean not null,
        annee_universitaire timestamp(6),
        id_reservation varchar(255) not null,
        primary key (id_reservation)
    )
2025-07-18T01:00:49.597+01:00 DEBUG 160138 --- [           main] org.hibernate.SQL                        : 
    create table reservation_etudiants (
        etudiants_id_etudiant bigint not null,
        reservations_id_reservation varchar(255) not null,
        primary key (etudiants_id_etudiant, reservations_id_reservation)
    )
Hibernate: 
    create table reservation_etudiants (
        etudiants_id_etudiant bigint not null,
        reservations_id_reservation varchar(255) not null,
        primary key (etudiants_id_etudiant, reservations_id_reservation)
    )
2025-07-18T01:00:49.605+01:00 DEBUG 160138 --- [           main] org.hibernate.SQL                        : 
    create table universite (
        foyer_id_foyer bigint unique,
        id_universite bigint generated by default as identity,
        adresse varchar(255),
        nom_universite varchar(255),
        primary key (id_universite)
    )
Hibernate: 
    create table universite (
        foyer_id_foyer bigint unique,
        id_universite bigint generated by default as identity,
        adresse varchar(255),
        nom_universite varchar(255),
        primary key (id_universite)
    )
2025-07-18T01:00:49.616+01:00 DEBUG 160138 --- [           main] org.hibernate.SQL                        : 
    alter table if exists bloc 
       add constraint FKrlx3b5jtde0ftmmrcqbifn0pt 
       foreign key (foyer_id_foyer) 
       references foyer
Hibernate: 
    alter table if exists bloc 
       add constraint FKrlx3b5jtde0ftmmrcqbifn0pt 
       foreign key (foyer_id_foyer) 
       references foyer
2025-07-18T01:00:49.722+01:00 DEBUG 160138 --- [           main] org.hibernate.SQL                        : 
    alter table if exists chambre 
       add constraint FKe3jmwbj3ohvcd61fqhgivoe9j 
       foreign key (bloc_id_bloc) 
       references bloc
Hibernate: 
    alter table if exists chambre 
       add constraint FKe3jmwbj3ohvcd61fqhgivoe9j 
       foreign key (bloc_id_bloc) 
       references bloc
2025-07-18T01:00:49.735+01:00 DEBUG 160138 --- [           main] org.hibernate.SQL                        : 
    alter table if exists chambre_reservations 
       add constraint FKhx2j8u5cpdmo8pptjvnsjqwma 
       foreign key (reservations_id_reservation) 
       references reservation
Hibernate: 
    alter table if exists chambre_reservations 
       add constraint FKhx2j8u5cpdmo8pptjvnsjqwma 
       foreign key (reservations_id_reservation) 
       references reservation
2025-07-18T01:00:49.744+01:00 DEBUG 160138 --- [           main] org.hibernate.SQL                        : 
    alter table if exists chambre_reservations 
       add constraint FKqy33yndadmosa4l31qk6v3vm2 
       foreign key (chambre_id_chambre) 
       references chambre
Hibernate: 
    alter table if exists chambre_reservations 
       add constraint FKqy33yndadmosa4l31qk6v3vm2 
       foreign key (chambre_id_chambre) 
       references chambre
2025-07-18T01:00:49.760+01:00 DEBUG 160138 --- [           main] org.hibernate.SQL                        : 
    alter table if exists reservation_etudiants 
       add constraint FK53dc9htdv7ne29h80i08urcqv 
       foreign key (etudiants_id_etudiant) 
       references etudiant
Hibernate: 
    alter table if exists reservation_etudiants 
       add constraint FK53dc9htdv7ne29h80i08urcqv 
       foreign key (etudiants_id_etudiant) 
       references etudiant
2025-07-18T01:00:49.770+01:00 DEBUG 160138 --- [           main] org.hibernate.SQL                        : 
    alter table if exists reservation_etudiants 
       add constraint FKr9q9iw0kkhggmvjpnlv00h385 
       foreign key (reservations_id_reservation) 
       references reservation
Hibernate: 
    alter table if exists reservation_etudiants 
       add constraint FKr9q9iw0kkhggmvjpnlv00h385 
       foreign key (reservations_id_reservation) 
       references reservation
2025-07-18T01:00:49.780+01:00 DEBUG 160138 --- [           main] org.hibernate.SQL                        : 
    alter table if exists universite 
       add constraint FK2b4r95emuv9ea1064hjqxpqq 
       foreign key (foyer_id_foyer) 
       references foyer
Hibernate: 
    alter table if exists universite 
       add constraint FK2b4r95emuv9ea1064hjqxpqq 
       foreign key (foyer_id_foyer) 
       references foyer
2025-07-18T01:00:49.807+01:00  INFO 160138 --- [           main] j.LocalContainerEntityManagerFactoryBean : Initialized JPA EntityManagerFactory for persistence unit 'default'
2025-07-18T01:00:53.794+01:00  INFO 160138 --- [           main] o.s.d.j.r.query.QueryEnhancerFactory     : Hibernate is in classpath; If applicable, HQL parser will be used.
2025-07-18T01:01:00.450+01:00  WARN 160138 --- [           main] JpaBaseConfiguration$JpaWebConfiguration : spring.jpa.open-in-view is enabled by default. Therefore, database queries may be performed during view rendering. Explicitly configure spring.jpa.open-in-view to disable this warning
2025-07-18T01:01:01.621+01:00 DEBUG 160138 --- [           main] s.w.s.m.m.a.RequestMappingHandlerMapping : 42 mappings in 'requestMappingHandlerMapping'
2025-07-18T01:01:02.502+01:00 DEBUG 160138 --- [           main] o.s.w.s.handler.SimpleUrlHandlerMapping  : Patterns [/webjars/**, /**, /swagger-ui*/*swagger-initializer.js, /swagger-ui*/**] in 'resourceHandlerMapping'
2025-07-18T01:01:02.690+01:00 DEBUG 160138 --- [           main] s.w.s.m.m.a.RequestMappingHandlerAdapter : ControllerAdvice beans: 0 @ModelAttribute, 0 @InitBinder, 1 RequestBodyAdvice, 1 ResponseBodyAdvice
2025-07-18T01:01:02.941+01:00 DEBUG 160138 --- [           main] .m.m.a.ExceptionHandlerExceptionResolver : ControllerAdvice beans: 1 @ExceptionHandler, 1 ResponseBodyAdvice
2025-07-18T01:01:03.613+01:00  INFO 160138 --- [           main] o.s.b.a.h2.H2ConsoleAutoConfiguration    : H2 console available at '/h2-console'. Database available at 'jdbc:h2:mem:testdb'
2025-07-18T01:01:04.320+01:00  INFO 160138 --- [           main] t.e.t.FoyerUniversiteIntegrationTest     : Started FoyerUniversiteIntegrationTest in 42.572 seconds (process running for 51.953)
2025-07-18T01:01:04.376+01:00  INFO 160138 --- [   scheduling-1] tn.esprit.tpfoyer.config.ConfigAOP       : In Metod AOP : retrieveAllBlocs
2025-07-18T01:01:04.870+01:00 DEBUG 160138 --- [   scheduling-1] org.hibernate.SQL                        : 
    select
        b1_0.id_bloc,
        b1_0.capacite_bloc,
        b1_0.foyer_id_foyer,
        b1_0.nom_bloc 
    from
        bloc b1_0
Hibernate: 
    select
        b1_0.id_bloc,
        b1_0.capacite_bloc,
        b1_0.foyer_id_foyer,
        b1_0.nom_bloc 
    from
        bloc b1_0
2025-07-18T01:01:05.080+01:00  INFO 160138 --- [   scheduling-1] t.e.tpfoyer.service.BlocServiceImpl      : taille totale : 0
2025-07-18T01:01:05.086+01:00  INFO 160138 --- [   scheduling-1] tn.esprit.tpfoyer.config.ConfigAOP       : Methodexecutiontime: 711 milliseconds.
2025-07-18T01:01:06.729+01:00  INFO 160138 --- [           main] o.s.b.t.m.w.SpringBootMockServletContext : Initializing Spring TestDispatcherServlet ''
2025-07-18T01:01:06.731+01:00  INFO 160138 --- [           main] o.s.t.web.servlet.TestDispatcherServlet  : Initializing Servlet ''
2025-07-18T01:01:06.738+01:00  INFO 160138 --- [           main] o.s.t.web.servlet.TestDispatcherServlet  : Completed initialization in 7 ms
2025-07-18T01:01:06.750+01:00 DEBUG 160138 --- [           main] org.hibernate.SQL                        : 
    select
        u1_0.id_universite,
        u1_0.adresse,
        u1_0.foyer_id_foyer,
        u1_0.nom_universite 
    from
        universite u1_0
Hibernate: 
    select
        u1_0.id_universite,
        u1_0.adresse,
        u1_0.foyer_id_foyer,
        u1_0.nom_universite 
    from
        universite u1_0
2025-07-18T01:01:06.768+01:00 DEBUG 160138 --- [           main] org.hibernate.SQL                        : 
    select
        f1_0.id_foyer,
        f1_0.capacite_foyer,
        f1_0.nom_foyer 
    from
        foyer f1_0
Hibernate: 
    select
        f1_0.id_foyer,
        f1_0.capacite_foyer,
        f1_0.nom_foyer 
    from
        foyer f1_0
2025-07-18T01:01:07.269+01:00 DEBUG 160138 --- [           main] s.w.s.m.m.a.RequestMappingHandlerMapping : Mapped to tn.esprit.tpfoyer.control.FoyerRestController#addFoyer(Foyer)
2025-07-18T01:01:07.577+01:00 DEBUG 160138 --- [           main] m.m.a.RequestResponseBodyMethodProcessor : Read "application/json" to [Foyer(idFoyer=null, nomFoyer=Foyer Test Integration, capaciteFoyer=200)]
2025-07-18T01:01:07.612+01:00  INFO 160138 --- [           main] tn.esprit.tpfoyer.config.ConfigAOP       : In Metod AOP : addFoyer
2025-07-18T01:01:07.722+01:00 DEBUG 160138 --- [           main] org.hibernate.SQL                        : 
    insert 
    into
        foyer
        (capacite_foyer, nom_foyer, id_foyer) 
    values
        (?, ?, default)
Hibernate: 
    insert 
    into
        foyer
        (capacite_foyer, nom_foyer, id_foyer) 
    values
        (?, ?, default)
2025-07-18T01:01:07.858+01:00  INFO 160138 --- [           main] tn.esprit.tpfoyer.config.ConfigAOP       : Execution Réussie ! 
2025-07-18T01:01:07.860+01:00  INFO 160138 --- [           main] tn.esprit.tpfoyer.config.ConfigAOP       : Methodexecutiontime: 248 milliseconds.
2025-07-18T01:01:07.948+01:00 DEBUG 160138 --- [           main] m.m.a.RequestResponseBodyMethodProcessor : Using 'application/json', given [*/*] and supported [application/json, application/*+json]
2025-07-18T01:01:07.953+01:00 DEBUG 160138 --- [           main] m.m.a.RequestResponseBodyMethodProcessor : Writing [Foyer(idFoyer=1, nomFoyer=Foyer Test Integration, capaciteFoyer=200)]
2025-07-18T01:01:08.533+01:00 DEBUG 160138 --- [           main] s.w.s.m.m.a.RequestMappingHandlerMapping : Mapped to tn.esprit.tpfoyer.control.FoyerRestController#retrieveFoyer(Long)
2025-07-18T01:01:08.550+01:00  INFO 160138 --- [           main] tn.esprit.tpfoyer.config.ConfigAOP       : In Metod AOP : retrieveFoyer
2025-07-18T01:01:08.634+01:00 DEBUG 160138 --- [           main] org.hibernate.SQL                        : 
    select
        f1_0.id_foyer,
        f1_0.capacite_foyer,
        f1_0.nom_foyer,
        u1_0.id_universite,
        u1_0.adresse,
        u1_0.nom_universite 
    from
        foyer f1_0 
    left join
        universite u1_0 
            on f1_0.id_foyer=u1_0.foyer_id_foyer 
    where
        f1_0.id_foyer=?
Hibernate: 
    select
        f1_0.id_foyer,
        f1_0.capacite_foyer,
        f1_0.nom_foyer,
        u1_0.id_universite,
        u1_0.adresse,
        u1_0.nom_universite 
    from
        foyer f1_0 
    left join
        universite u1_0 
            on f1_0.id_foyer=u1_0.foyer_id_foyer 
    where
        f1_0.id_foyer=?
2025-07-18T01:01:08.760+01:00  INFO 160138 --- [           main] tn.esprit.tpfoyer.config.ConfigAOP       : Methodexecutiontime: 210 milliseconds.
2025-07-18T01:01:08.772+01:00 DEBUG 160138 --- [           main] m.m.a.RequestResponseBodyMethodProcessor : Using 'application/json', given [*/*] and supported [application/json, application/*+json]
2025-07-18T01:01:08.773+01:00 DEBUG 160138 --- [           main] m.m.a.RequestResponseBodyMethodProcessor : Writing [Foyer(idFoyer=1, nomFoyer=Foyer Test Integration, capaciteFoyer=200)]
2025-07-18T01:01:08.806+01:00 DEBUG 160138 --- [           main] s.w.s.m.m.a.RequestMappingHandlerMapping : Mapped to tn.esprit.tpfoyer.control.FoyerRestController#modifyFoyer(Foyer)
2025-07-18T01:01:08.816+01:00 DEBUG 160138 --- [           main] m.m.a.RequestResponseBodyMethodProcessor : Read "application/json" to [Foyer(idFoyer=1, nomFoyer=Foyer Test Integration Modifié, capaciteFoyer=250)]
2025-07-18T01:01:08.818+01:00  INFO 160138 --- [           main] tn.esprit.tpfoyer.config.ConfigAOP       : In Metod AOP : modifyFoyer
2025-07-18T01:01:08.939+01:00 DEBUG 160138 --- [           main] org.hibernate.SQL                        : 
    select
        f1_0.id_foyer,
        f1_0.capacite_foyer,
        f1_0.nom_foyer,
        u1_0.id_universite,
        u1_0.adresse,
        u1_0.nom_universite 
    from
        foyer f1_0 
    left join
        universite u1_0 
            on f1_0.id_foyer=u1_0.foyer_id_foyer 
    where
        f1_0.id_foyer=?
Hibernate: 
    select
        f1_0.id_foyer,
        f1_0.capacite_foyer,
        f1_0.nom_foyer,
        u1_0.id_universite,
        u1_0.adresse,
        u1_0.nom_universite 
    from
        foyer f1_0 
    left join
        universite u1_0 
            on f1_0.id_foyer=u1_0.foyer_id_foyer 
    where
        f1_0.id_foyer=?
2025-07-18T01:01:09.062+01:00 DEBUG 160138 --- [           main] org.hibernate.SQL                        : 
    update
        foyer 
    set
        capacite_foyer=?,
        nom_foyer=? 
    where
        id_foyer=?
Hibernate: 
    update
        foyer 
    set
        capacite_foyer=?,
        nom_foyer=? 
    where
        id_foyer=?
2025-07-18T01:01:09.120+01:00  INFO 160138 --- [           main] tn.esprit.tpfoyer.config.ConfigAOP       : Methodexecutiontime: 302 milliseconds.
2025-07-18T01:01:09.122+01:00 DEBUG 160138 --- [           main] m.m.a.RequestResponseBodyMethodProcessor : Using 'application/json', given [*/*] and supported [application/json, application/*+json]
2025-07-18T01:01:09.123+01:00 DEBUG 160138 --- [           main] m.m.a.RequestResponseBodyMethodProcessor : Writing [Foyer(idFoyer=1, nomFoyer=Foyer Test Integration Modifié, capaciteFoyer=250)]
2025-07-18T01:01:09.137+01:00 DEBUG 160138 --- [           main] s.w.s.m.m.a.RequestMappingHandlerMapping : Mapped to tn.esprit.tpfoyer.control.FoyerRestController#retrieveFoyer(Long)
2025-07-18T01:01:09.154+01:00  INFO 160138 --- [           main] tn.esprit.tpfoyer.config.ConfigAOP       : In Metod AOP : retrieveFoyer
2025-07-18T01:01:09.157+01:00 DEBUG 160138 --- [           main] org.hibernate.SQL                        : 
    select
        f1_0.id_foyer,
        f1_0.capacite_foyer,
        f1_0.nom_foyer,
        u1_0.id_universite,
        u1_0.adresse,
        u1_0.nom_universite 
    from
        foyer f1_0 
    left join
        universite u1_0 
            on f1_0.id_foyer=u1_0.foyer_id_foyer 
    where
        f1_0.id_foyer=?
Hibernate: 
    select
        f1_0.id_foyer,
        f1_0.capacite_foyer,
        f1_0.nom_foyer,
        u1_0.id_universite,
        u1_0.adresse,
        u1_0.nom_universite 
    from
        foyer f1_0 
    left join
        universite u1_0 
            on f1_0.id_foyer=u1_0.foyer_id_foyer 
    where
        f1_0.id_foyer=?
2025-07-18T01:01:09.180+01:00  INFO 160138 --- [           main] tn.esprit.tpfoyer.config.ConfigAOP       : Methodexecutiontime: 27 milliseconds.
2025-07-18T01:01:09.187+01:00 DEBUG 160138 --- [           main] m.m.a.RequestResponseBodyMethodProcessor : Using 'application/json', given [*/*] and supported [application/json, application/*+json]
2025-07-18T01:01:09.191+01:00 DEBUG 160138 --- [           main] m.m.a.RequestResponseBodyMethodProcessor : Writing [Foyer(idFoyer=1, nomFoyer=Foyer Test Integration Modifié, capaciteFoyer=250)]
2025-07-18T01:01:09.222+01:00 DEBUG 160138 --- [           main] s.w.s.m.m.a.RequestMappingHandlerMapping : Mapped to tn.esprit.tpfoyer.control.FoyerRestController#removeFoyer(Long)
2025-07-18T01:01:09.229+01:00  INFO 160138 --- [           main] tn.esprit.tpfoyer.config.ConfigAOP       : In Metod AOP : removeFoyer
2025-07-18T01:01:09.240+01:00 DEBUG 160138 --- [           main] org.hibernate.SQL                        : 
    select
        f1_0.id_foyer,
        f1_0.capacite_foyer,
        f1_0.nom_foyer,
        u1_0.id_universite,
        u1_0.adresse,
        u1_0.nom_universite 
    from
        foyer f1_0 
    left join
        universite u1_0 
            on f1_0.id_foyer=u1_0.foyer_id_foyer 
    where
        f1_0.id_foyer=?
Hibernate: 
    select
        f1_0.id_foyer,
        f1_0.capacite_foyer,
        f1_0.nom_foyer,
        u1_0.id_universite,
        u1_0.adresse,
        u1_0.nom_universite 
    from
        foyer f1_0 
    left join
        universite u1_0 
            on f1_0.id_foyer=u1_0.foyer_id_foyer 
    where
        f1_0.id_foyer=?
2025-07-18T01:01:09.283+01:00 DEBUG 160138 --- [           main] org.hibernate.SQL                        : 
    delete 
    from
        foyer 
    where
        id_foyer=?
Hibernate: 
    delete 
    from
        foyer 
    where
        id_foyer=?
2025-07-18T01:01:09.304+01:00  INFO 160138 --- [           main] tn.esprit.tpfoyer.config.ConfigAOP       : Methodexecutiontime: 75 milliseconds.
2025-07-18T01:01:09.312+01:00 DEBUG 160138 --- [           main] m.m.a.RequestResponseBodyMethodProcessor : Using 'application/json', given [*/*] and supported [application/json, application/*+json]
2025-07-18T01:01:09.320+01:00 DEBUG 160138 --- [           main] m.m.a.RequestResponseBodyMethodProcessor : Nothing to write: null body
]]></system-out>
  </testcase>
  <testcase name="testEntityNotFound_Integration" classname="tn.esprit.tpfoyer.FoyerUniversiteIntegrationTest" time="0.166">
    <system-out><![CDATA[2025-07-18T01:01:09.474+01:00  INFO 160138 --- [           main] o.s.b.t.m.w.SpringBootMockServletContext : Initializing Spring TestDispatcherServlet ''
2025-07-18T01:01:09.475+01:00  INFO 160138 --- [           main] o.s.t.web.servlet.TestDispatcherServlet  : Initializing Servlet ''
2025-07-18T01:01:09.480+01:00  INFO 160138 --- [           main] o.s.t.web.servlet.TestDispatcherServlet  : Completed initialization in 4 ms
2025-07-18T01:01:09.492+01:00 DEBUG 160138 --- [           main] org.hibernate.SQL                        : 
    select
        u1_0.id_universite,
        u1_0.adresse,
        u1_0.foyer_id_foyer,
        u1_0.nom_universite 
    from
        universite u1_0
Hibernate: 
    select
        u1_0.id_universite,
        u1_0.adresse,
        u1_0.foyer_id_foyer,
        u1_0.nom_universite 
    from
        universite u1_0
2025-07-18T01:01:09.503+01:00 DEBUG 160138 --- [           main] org.hibernate.SQL                        : 
    select
        f1_0.id_foyer,
        f1_0.capacite_foyer,
        f1_0.nom_foyer 
    from
        foyer f1_0
Hibernate: 
    select
        f1_0.id_foyer,
        f1_0.capacite_foyer,
        f1_0.nom_foyer 
    from
        foyer f1_0
2025-07-18T01:01:09.511+01:00 DEBUG 160138 --- [           main] s.w.s.m.m.a.RequestMappingHandlerMapping : Mapped to tn.esprit.tpfoyer.control.FoyerRestController#getFoyers()
2025-07-18T01:01:09.515+01:00  INFO 160138 --- [           main] tn.esprit.tpfoyer.config.ConfigAOP       : In Metod AOP : retrieveAllFoyers
2025-07-18T01:01:09.524+01:00 DEBUG 160138 --- [           main] org.hibernate.SQL                        : 
    select
        f1_0.id_foyer,
        f1_0.capacite_foyer,
        f1_0.nom_foyer 
    from
        foyer f1_0
Hibernate: 
    select
        f1_0.id_foyer,
        f1_0.capacite_foyer,
        f1_0.nom_foyer 
    from
        foyer f1_0
2025-07-18T01:01:09.528+01:00  INFO 160138 --- [           main] tn.esprit.tpfoyer.config.ConfigAOP       : Methodexecutiontime: 13 milliseconds.
2025-07-18T01:01:09.537+01:00 DEBUG 160138 --- [           main] m.m.a.RequestResponseBodyMethodProcessor : Using 'application/json', given [*/*] and supported [application/json, application/*+json]
2025-07-18T01:01:09.538+01:00 DEBUG 160138 --- [           main] m.m.a.RequestResponseBodyMethodProcessor : Writing [[]]
2025-07-18T01:01:09.585+01:00 DEBUG 160138 --- [           main] s.w.s.m.m.a.RequestMappingHandlerMapping : Mapped to tn.esprit.tpfoyer.control.UniversiteRestController#getUniversites()
2025-07-18T01:01:09.591+01:00  INFO 160138 --- [           main] tn.esprit.tpfoyer.config.ConfigAOP       : In Metod AOP : retrieveAllUniversites
2025-07-18T01:01:09.604+01:00 DEBUG 160138 --- [           main] org.hibernate.SQL                        : 
    select
        u1_0.id_universite,
        u1_0.adresse,
        u1_0.foyer_id_foyer,
        u1_0.nom_universite 
    from
        universite u1_0
Hibernate: 
    select
        u1_0.id_universite,
        u1_0.adresse,
        u1_0.foyer_id_foyer,
        u1_0.nom_universite 
    from
        universite u1_0
2025-07-18T01:01:09.608+01:00  INFO 160138 --- [           main] tn.esprit.tpfoyer.config.ConfigAOP       : Methodexecutiontime: 18 milliseconds.
2025-07-18T01:01:09.610+01:00 DEBUG 160138 --- [           main] m.m.a.RequestResponseBodyMethodProcessor : Using 'application/json', given [*/*] and supported [application/json, application/*+json]
2025-07-18T01:01:09.611+01:00 DEBUG 160138 --- [           main] m.m.a.RequestResponseBodyMethodProcessor : Writing [[]]
]]></system-out>
  </testcase>
  <testcase name="testRetrieveAllEntities_Integration" classname="tn.esprit.tpfoyer.FoyerUniversiteIntegrationTest" time="0.201">
    <system-out><![CDATA[2025-07-18T01:01:09.643+01:00  INFO 160138 --- [           main] o.s.b.t.m.w.SpringBootMockServletContext : Initializing Spring TestDispatcherServlet ''
2025-07-18T01:01:09.644+01:00  INFO 160138 --- [           main] o.s.t.web.servlet.TestDispatcherServlet  : Initializing Servlet ''
2025-07-18T01:01:09.649+01:00  INFO 160138 --- [           main] o.s.t.web.servlet.TestDispatcherServlet  : Completed initialization in 4 ms
2025-07-18T01:01:09.657+01:00 DEBUG 160138 --- [           main] org.hibernate.SQL                        : 
    select
        u1_0.id_universite,
        u1_0.adresse,
        u1_0.foyer_id_foyer,
        u1_0.nom_universite 
    from
        universite u1_0
Hibernate: 
    select
        u1_0.id_universite,
        u1_0.adresse,
        u1_0.foyer_id_foyer,
        u1_0.nom_universite 
    from
        universite u1_0
2025-07-18T01:01:09.669+01:00 DEBUG 160138 --- [           main] org.hibernate.SQL                        : 
    select
        f1_0.id_foyer,
        f1_0.capacite_foyer,
        f1_0.nom_foyer 
    from
        foyer f1_0
Hibernate: 
    select
        f1_0.id_foyer,
        f1_0.capacite_foyer,
        f1_0.nom_foyer 
    from
        foyer f1_0
2025-07-18T01:01:09.676+01:00 DEBUG 160138 --- [           main] org.hibernate.SQL                        : 
    insert 
    into
        foyer
        (capacite_foyer, nom_foyer, id_foyer) 
    values
        (?, ?, default)
Hibernate: 
    insert 
    into
        foyer
        (capacite_foyer, nom_foyer, id_foyer) 
    values
        (?, ?, default)
2025-07-18T01:01:09.689+01:00 DEBUG 160138 --- [           main] org.hibernate.SQL                        : 
    insert 
    into
        foyer
        (capacite_foyer, nom_foyer, id_foyer) 
    values
        (?, ?, default)
Hibernate: 
    insert 
    into
        foyer
        (capacite_foyer, nom_foyer, id_foyer) 
    values
        (?, ?, default)
2025-07-18T01:01:09.704+01:00 DEBUG 160138 --- [           main] org.hibernate.SQL                        : 
    insert 
    into
        universite
        (adresse, foyer_id_foyer, nom_universite, id_universite) 
    values
        (?, ?, ?, default)
Hibernate: 
    insert 
    into
        universite
        (adresse, foyer_id_foyer, nom_universite, id_universite) 
    values
        (?, ?, ?, default)
2025-07-18T01:01:09.717+01:00 DEBUG 160138 --- [           main] org.hibernate.SQL                        : 
    insert 
    into
        universite
        (adresse, foyer_id_foyer, nom_universite, id_universite) 
    values
        (?, ?, ?, default)
Hibernate: 
    insert 
    into
        universite
        (adresse, foyer_id_foyer, nom_universite, id_universite) 
    values
        (?, ?, ?, default)
2025-07-18T01:01:09.730+01:00 DEBUG 160138 --- [           main] s.w.s.m.m.a.RequestMappingHandlerMapping : Mapped to tn.esprit.tpfoyer.control.FoyerRestController#getFoyers()
2025-07-18T01:01:09.732+01:00  INFO 160138 --- [           main] tn.esprit.tpfoyer.config.ConfigAOP       : In Metod AOP : retrieveAllFoyers
2025-07-18T01:01:09.739+01:00 DEBUG 160138 --- [           main] org.hibernate.SQL                        : 
    select
        f1_0.id_foyer,
        f1_0.capacite_foyer,
        f1_0.nom_foyer 
    from
        foyer f1_0
Hibernate: 
    select
        f1_0.id_foyer,
        f1_0.capacite_foyer,
        f1_0.nom_foyer 
    from
        foyer f1_0
2025-07-18T01:01:09.757+01:00 DEBUG 160138 --- [           main] org.hibernate.SQL                        : 
    select
        u1_0.id_universite,
        u1_0.adresse,
        f1_0.id_foyer,
        f1_0.capacite_foyer,
        f1_0.nom_foyer,
        u1_0.nom_universite 
    from
        universite u1_0 
    left join
        foyer f1_0 
            on f1_0.id_foyer=u1_0.foyer_id_foyer 
    where
        u1_0.foyer_id_foyer=?
Hibernate: 
    select
        u1_0.id_universite,
        u1_0.adresse,
        f1_0.id_foyer,
        f1_0.capacite_foyer,
        f1_0.nom_foyer,
        u1_0.nom_universite 
    from
        universite u1_0 
    left join
        foyer f1_0 
            on f1_0.id_foyer=u1_0.foyer_id_foyer 
    where
        u1_0.foyer_id_foyer=?
2025-07-18T01:01:09.764+01:00 DEBUG 160138 --- [           main] org.hibernate.SQL                        : 
    select
        u1_0.id_universite,
        u1_0.adresse,
        f1_0.id_foyer,
        f1_0.capacite_foyer,
        f1_0.nom_foyer,
        u1_0.nom_universite 
    from
        universite u1_0 
    left join
        foyer f1_0 
            on f1_0.id_foyer=u1_0.foyer_id_foyer 
    where
        u1_0.foyer_id_foyer=?
Hibernate: 
    select
        u1_0.id_universite,
        u1_0.adresse,
        f1_0.id_foyer,
        f1_0.capacite_foyer,
        f1_0.nom_foyer,
        u1_0.nom_universite 
    from
        universite u1_0 
    left join
        foyer f1_0 
            on f1_0.id_foyer=u1_0.foyer_id_foyer 
    where
        u1_0.foyer_id_foyer=?
2025-07-18T01:01:09.770+01:00  INFO 160138 --- [           main] tn.esprit.tpfoyer.config.ConfigAOP       : Methodexecutiontime: 38 milliseconds.
2025-07-18T01:01:09.771+01:00 DEBUG 160138 --- [           main] m.m.a.RequestResponseBodyMethodProcessor : Using 'application/json', given [*/*] and supported [application/json, application/*+json]
2025-07-18T01:01:09.773+01:00 DEBUG 160138 --- [           main] m.m.a.RequestResponseBodyMethodProcessor : Writing [[Foyer(idFoyer=2, nomFoyer=Foyer 1, capaciteFoyer=100), Foyer(idFoyer=3, nomFoyer=Foyer 2, capaciteF (truncated)...]
2025-07-18T01:01:09.783+01:00 DEBUG 160138 --- [           main] s.w.s.m.m.a.RequestMappingHandlerMapping : Mapped to tn.esprit.tpfoyer.control.UniversiteRestController#getUniversites()
2025-07-18T01:01:09.785+01:00  INFO 160138 --- [           main] tn.esprit.tpfoyer.config.ConfigAOP       : In Metod AOP : retrieveAllUniversites
2025-07-18T01:01:09.792+01:00 DEBUG 160138 --- [           main] org.hibernate.SQL                        : 
    select
        u1_0.id_universite,
        u1_0.adresse,
        u1_0.foyer_id_foyer,
        u1_0.nom_universite 
    from
        universite u1_0
Hibernate: 
    select
        u1_0.id_universite,
        u1_0.adresse,
        u1_0.foyer_id_foyer,
        u1_0.nom_universite 
    from
        universite u1_0
2025-07-18T01:01:09.798+01:00  INFO 160138 --- [           main] tn.esprit.tpfoyer.config.ConfigAOP       : Methodexecutiontime: 13 milliseconds.
2025-07-18T01:01:09.800+01:00 DEBUG 160138 --- [           main] m.m.a.RequestResponseBodyMethodProcessor : Using 'application/json', given [*/*] and supported [application/json, application/*+json]
2025-07-18T01:01:09.814+01:00 DEBUG 160138 --- [           main] m.m.a.RequestResponseBodyMethodProcessor : Writing [[Universite(idUniversite=1, nomUniversite=Université 1, adresse=Adresse 1, foyer=null), Universite(i (truncated)...]
]]></system-out>
  </testcase>
  <testcase name="testUniversiteFoyerRelation_Integration" classname="tn.esprit.tpfoyer.FoyerUniversiteIntegrationTest" time="0.375">
    <system-out><![CDATA[2025-07-18T01:01:09.850+01:00  INFO 160138 --- [           main] o.s.b.t.m.w.SpringBootMockServletContext : Initializing Spring TestDispatcherServlet ''
2025-07-18T01:01:09.850+01:00  INFO 160138 --- [           main] o.s.t.web.servlet.TestDispatcherServlet  : Initializing Servlet ''
2025-07-18T01:01:09.854+01:00  INFO 160138 --- [           main] o.s.t.web.servlet.TestDispatcherServlet  : Completed initialization in 3 ms
2025-07-18T01:01:09.870+01:00 DEBUG 160138 --- [           main] org.hibernate.SQL                        : 
    select
        u1_0.id_universite,
        u1_0.adresse,
        u1_0.foyer_id_foyer,
        u1_0.nom_universite 
    from
        universite u1_0
Hibernate: 
    select
        u1_0.id_universite,
        u1_0.adresse,
        u1_0.foyer_id_foyer,
        u1_0.nom_universite 
    from
        universite u1_0
2025-07-18T01:01:09.886+01:00 DEBUG 160138 --- [           main] org.hibernate.SQL                        : 
    delete 
    from
        universite 
    where
        id_universite=?
Hibernate: 
    delete 
    from
        universite 
    where
        id_universite=?
2025-07-18T01:01:09.889+01:00 DEBUG 160138 --- [           main] org.hibernate.SQL                        : 
    delete 
    from
        universite 
    where
        id_universite=?
Hibernate: 
    delete 
    from
        universite 
    where
        id_universite=?
2025-07-18T01:01:09.903+01:00 DEBUG 160138 --- [           main] org.hibernate.SQL                        : 
    select
        f1_0.id_foyer,
        f1_0.capacite_foyer,
        f1_0.nom_foyer 
    from
        foyer f1_0
Hibernate: 
    select
        f1_0.id_foyer,
        f1_0.capacite_foyer,
        f1_0.nom_foyer 
    from
        foyer f1_0
2025-07-18T01:01:09.907+01:00 DEBUG 160138 --- [           main] org.hibernate.SQL                        : 
    select
        u1_0.id_universite,
        u1_0.adresse,
        f1_0.id_foyer,
        f1_0.capacite_foyer,
        f1_0.nom_foyer,
        u1_0.nom_universite 
    from
        universite u1_0 
    left join
        foyer f1_0 
            on f1_0.id_foyer=u1_0.foyer_id_foyer 
    where
        u1_0.foyer_id_foyer=?
Hibernate: 
    select
        u1_0.id_universite,
        u1_0.adresse,
        f1_0.id_foyer,
        f1_0.capacite_foyer,
        f1_0.nom_foyer,
        u1_0.nom_universite 
    from
        universite u1_0 
    left join
        foyer f1_0 
            on f1_0.id_foyer=u1_0.foyer_id_foyer 
    where
        u1_0.foyer_id_foyer=?
2025-07-18T01:01:09.911+01:00 DEBUG 160138 --- [           main] org.hibernate.SQL                        : 
    select
        u1_0.id_universite,
        u1_0.adresse,
        f1_0.id_foyer,
        f1_0.capacite_foyer,
        f1_0.nom_foyer,
        u1_0.nom_universite 
    from
        universite u1_0 
    left join
        foyer f1_0 
            on f1_0.id_foyer=u1_0.foyer_id_foyer 
    where
        u1_0.foyer_id_foyer=?
Hibernate: 
    select
        u1_0.id_universite,
        u1_0.adresse,
        f1_0.id_foyer,
        f1_0.capacite_foyer,
        f1_0.nom_foyer,
        u1_0.nom_universite 
    from
        universite u1_0 
    left join
        foyer f1_0 
            on f1_0.id_foyer=u1_0.foyer_id_foyer 
    where
        u1_0.foyer_id_foyer=?
2025-07-18T01:01:09.917+01:00 DEBUG 160138 --- [           main] org.hibernate.SQL                        : 
    delete 
    from
        foyer 
    where
        id_foyer=?
Hibernate: 
    delete 
    from
        foyer 
    where
        id_foyer=?
2025-07-18T01:01:09.921+01:00 DEBUG 160138 --- [           main] org.hibernate.SQL                        : 
    delete 
    from
        foyer 
    where
        id_foyer=?
Hibernate: 
    delete 
    from
        foyer 
    where
        id_foyer=?
2025-07-18T01:01:09.935+01:00 DEBUG 160138 --- [           main] s.w.s.m.m.a.RequestMappingHandlerMapping : Mapped to tn.esprit.tpfoyer.control.FoyerRestController#addFoyer(Foyer)
2025-07-18T01:01:09.939+01:00 DEBUG 160138 --- [           main] m.m.a.RequestResponseBodyMethodProcessor : Read "application/json" to [Foyer(idFoyer=null, nomFoyer=Foyer pour Universite, capaciteFoyer=300)]
2025-07-18T01:01:09.940+01:00  INFO 160138 --- [           main] tn.esprit.tpfoyer.config.ConfigAOP       : In Metod AOP : addFoyer
2025-07-18T01:01:09.943+01:00 DEBUG 160138 --- [           main] org.hibernate.SQL                        : 
    insert 
    into
        foyer
        (capacite_foyer, nom_foyer, id_foyer) 
    values
        (?, ?, default)
Hibernate: 
    insert 
    into
        foyer
        (capacite_foyer, nom_foyer, id_foyer) 
    values
        (?, ?, default)
2025-07-18T01:01:09.951+01:00  INFO 160138 --- [           main] tn.esprit.tpfoyer.config.ConfigAOP       : Execution Réussie ! 
2025-07-18T01:01:09.951+01:00  INFO 160138 --- [           main] tn.esprit.tpfoyer.config.ConfigAOP       : Methodexecutiontime: 11 milliseconds.
2025-07-18T01:01:09.953+01:00 DEBUG 160138 --- [           main] m.m.a.RequestResponseBodyMethodProcessor : Using 'application/json', given [*/*] and supported [application/json, application/*+json]
2025-07-18T01:01:09.954+01:00 DEBUG 160138 --- [           main] m.m.a.RequestResponseBodyMethodProcessor : Writing [Foyer(idFoyer=4, nomFoyer=Foyer pour Universite, capaciteFoyer=300)]
2025-07-18T01:01:09.974+01:00 DEBUG 160138 --- [           main] s.w.s.m.m.a.RequestMappingHandlerMapping : Mapped to tn.esprit.tpfoyer.control.UniversiteRestController#addUniversite(Universite)
2025-07-18T01:01:09.987+01:00 DEBUG 160138 --- [           main] m.m.a.RequestResponseBodyMethodProcessor : Read "application/json" to [Universite(idUniversite=0, nomUniversite=Universite avec Foyer, adresse=Adresse Universite, foyer=nu (truncated)...]
2025-07-18T01:01:09.989+01:00  INFO 160138 --- [           main] tn.esprit.tpfoyer.config.ConfigAOP       : In Metod AOP : addUniversite
2025-07-18T01:01:09.992+01:00 DEBUG 160138 --- [           main] org.hibernate.SQL                        : 
    insert 
    into
        universite
        (adresse, foyer_id_foyer, nom_universite, id_universite) 
    values
        (?, ?, ?, default)
Hibernate: 
    insert 
    into
        universite
        (adresse, foyer_id_foyer, nom_universite, id_universite) 
    values
        (?, ?, ?, default)
2025-07-18T01:01:10.000+01:00  INFO 160138 --- [           main] tn.esprit.tpfoyer.config.ConfigAOP       : Execution Réussie ! 
2025-07-18T01:01:10.001+01:00  INFO 160138 --- [           main] tn.esprit.tpfoyer.config.ConfigAOP       : Methodexecutiontime: 12 milliseconds.
2025-07-18T01:01:10.010+01:00 DEBUG 160138 --- [           main] m.m.a.RequestResponseBodyMethodProcessor : Using 'application/json', given [*/*] and supported [application/json, application/*+json]
2025-07-18T01:01:10.011+01:00 DEBUG 160138 --- [           main] m.m.a.RequestResponseBodyMethodProcessor : Writing [Universite(idUniversite=3, nomUniversite=Universite avec Foyer, adresse=Adresse Universite, foyer=nu (truncated)...]
2025-07-18T01:01:10.027+01:00 DEBUG 160138 --- [           main] s.w.s.m.m.a.RequestMappingHandlerMapping : Mapped to tn.esprit.tpfoyer.control.UniversiteRestController#modifyUniversite(Universite)
2025-07-18T01:01:10.032+01:00 DEBUG 160138 --- [           main] m.m.a.RequestResponseBodyMethodProcessor : Read "application/json" to [Universite(idUniversite=3, nomUniversite=Universite avec Foyer, adresse=Adresse Universite, foyer=Fo (truncated)...]
2025-07-18T01:01:10.034+01:00  INFO 160138 --- [           main] tn.esprit.tpfoyer.config.ConfigAOP       : In Metod AOP : modifyUniversite
2025-07-18T01:01:10.042+01:00 DEBUG 160138 --- [           main] org.hibernate.SQL                        : 
    select
        u1_0.id_universite,
        u1_0.adresse,
        f1_0.id_foyer,
        f1_0.capacite_foyer,
        f1_0.nom_foyer,
        u1_0.nom_universite 
    from
        universite u1_0 
    left join
        foyer f1_0 
            on f1_0.id_foyer=u1_0.foyer_id_foyer 
    where
        u1_0.id_universite=?
Hibernate: 
    select
        u1_0.id_universite,
        u1_0.adresse,
        f1_0.id_foyer,
        f1_0.capacite_foyer,
        f1_0.nom_foyer,
        u1_0.nom_universite 
    from
        universite u1_0 
    left join
        foyer f1_0 
            on f1_0.id_foyer=u1_0.foyer_id_foyer 
    where
        u1_0.id_universite=?
2025-07-18T01:01:10.053+01:00 DEBUG 160138 --- [           main] org.hibernate.SQL                        : 
    select
        f1_0.id_foyer,
        f1_0.capacite_foyer,
        f1_0.nom_foyer,
        u1_0.id_universite,
        u1_0.adresse,
        u1_0.nom_universite 
    from
        foyer f1_0 
    left join
        universite u1_0 
            on f1_0.id_foyer=u1_0.foyer_id_foyer 
    where
        f1_0.id_foyer=?
Hibernate: 
    select
        f1_0.id_foyer,
        f1_0.capacite_foyer,
        f1_0.nom_foyer,
        u1_0.id_universite,
        u1_0.adresse,
        u1_0.nom_universite 
    from
        foyer f1_0 
    left join
        universite u1_0 
            on f1_0.id_foyer=u1_0.foyer_id_foyer 
    where
        f1_0.id_foyer=?
2025-07-18T01:01:10.068+01:00 DEBUG 160138 --- [           main] org.hibernate.SQL                        : 
    update
        universite 
    set
        adresse=?,
        foyer_id_foyer=?,
        nom_universite=? 
    where
        id_universite=?
Hibernate: 
    update
        universite 
    set
        adresse=?,
        foyer_id_foyer=?,
        nom_universite=? 
    where
        id_universite=?
2025-07-18T01:01:10.078+01:00  INFO 160138 --- [           main] tn.esprit.tpfoyer.config.ConfigAOP       : Methodexecutiontime: 44 milliseconds.
2025-07-18T01:01:10.081+01:00 DEBUG 160138 --- [           main] m.m.a.RequestResponseBodyMethodProcessor : Using 'application/json', given [*/*] and supported [application/json, application/*+json]
2025-07-18T01:01:10.083+01:00 DEBUG 160138 --- [           main] m.m.a.RequestResponseBodyMethodProcessor : Writing [Universite(idUniversite=3, nomUniversite=Universite avec Foyer, adresse=Adresse Universite, foyer=Fo (truncated)...]
2025-07-18T01:01:10.089+01:00 DEBUG 160138 --- [           main] s.w.s.m.m.a.RequestMappingHandlerMapping : Mapped to tn.esprit.tpfoyer.control.UniversiteRestController#retrieveUniversite(Long)
2025-07-18T01:01:10.093+01:00  INFO 160138 --- [           main] tn.esprit.tpfoyer.config.ConfigAOP       : In Metod AOP : retrieveUniversite
2025-07-18T01:01:10.098+01:00 DEBUG 160138 --- [           main] org.hibernate.SQL                        : 
    select
        u1_0.id_universite,
        u1_0.adresse,
        f1_0.id_foyer,
        f1_0.capacite_foyer,
        f1_0.nom_foyer,
        u1_0.nom_universite 
    from
        universite u1_0 
    left join
        foyer f1_0 
            on f1_0.id_foyer=u1_0.foyer_id_foyer 
    where
        u1_0.id_universite=?
Hibernate: 
    select
        u1_0.id_universite,
        u1_0.adresse,
        f1_0.id_foyer,
        f1_0.capacite_foyer,
        f1_0.nom_foyer,
        u1_0.nom_universite 
    from
        universite u1_0 
    left join
        foyer f1_0 
            on f1_0.id_foyer=u1_0.foyer_id_foyer 
    where
        u1_0.id_universite=?
2025-07-18T01:01:10.131+01:00  INFO 160138 --- [           main] tn.esprit.tpfoyer.config.ConfigAOP       : Methodexecutiontime: 38 milliseconds.
2025-07-18T01:01:10.138+01:00 DEBUG 160138 --- [           main] m.m.a.RequestResponseBodyMethodProcessor : Using 'application/json', given [*/*] and supported [application/json, application/*+json]
2025-07-18T01:01:10.139+01:00 DEBUG 160138 --- [           main] m.m.a.RequestResponseBodyMethodProcessor : Writing [Universite(idUniversite=3, nomUniversite=Universite avec Foyer, adresse=Adresse Universite, foyer=Fo (truncated)...]
2025-07-18T01:01:10.146+01:00 DEBUG 160138 --- [           main] s.w.s.m.m.a.RequestMappingHandlerMapping : Mapped to tn.esprit.tpfoyer.control.FoyerRestController#retrieveFoyer(Long)
2025-07-18T01:01:10.153+01:00  INFO 160138 --- [           main] tn.esprit.tpfoyer.config.ConfigAOP       : In Metod AOP : retrieveFoyer
2025-07-18T01:01:10.166+01:00 DEBUG 160138 --- [           main] org.hibernate.SQL                        : 
    select
        f1_0.id_foyer,
        f1_0.capacite_foyer,
        f1_0.nom_foyer,
        u1_0.id_universite,
        u1_0.adresse,
        u1_0.nom_universite 
    from
        foyer f1_0 
    left join
        universite u1_0 
            on f1_0.id_foyer=u1_0.foyer_id_foyer 
    where
        f1_0.id_foyer=?
Hibernate: 
    select
        f1_0.id_foyer,
        f1_0.capacite_foyer,
        f1_0.nom_foyer,
        u1_0.id_universite,
        u1_0.adresse,
        u1_0.nom_universite 
    from
        foyer f1_0 
    left join
        universite u1_0 
            on f1_0.id_foyer=u1_0.foyer_id_foyer 
    where
        f1_0.id_foyer=?
2025-07-18T01:01:10.184+01:00  INFO 160138 --- [           main] tn.esprit.tpfoyer.config.ConfigAOP       : Methodexecutiontime: 31 milliseconds.
2025-07-18T01:01:10.192+01:00 DEBUG 160138 --- [           main] m.m.a.RequestResponseBodyMethodProcessor : Using 'application/json', given [*/*] and supported [application/json, application/*+json]
2025-07-18T01:01:10.193+01:00 DEBUG 160138 --- [           main] m.m.a.RequestResponseBodyMethodProcessor : Writing [Foyer(idFoyer=4, nomFoyer=Foyer pour Universite, capaciteFoyer=300)]
]]></system-out>
  </testcase>
  <testcase name="testUniversiteCRUD_Integration" classname="tn.esprit.tpfoyer.FoyerUniversiteIntegrationTest" time="0.51">
    <system-out><![CDATA[2025-07-18T01:01:10.246+01:00  INFO 160138 --- [           main] o.s.b.t.m.w.SpringBootMockServletContext : Initializing Spring TestDispatcherServlet ''
2025-07-18T01:01:10.248+01:00  INFO 160138 --- [           main] o.s.t.web.servlet.TestDispatcherServlet  : Initializing Servlet ''
2025-07-18T01:01:10.255+01:00  INFO 160138 --- [           main] o.s.t.web.servlet.TestDispatcherServlet  : Completed initialization in 7 ms
2025-07-18T01:01:10.297+01:00 DEBUG 160138 --- [           main] org.hibernate.SQL                        : 
    select
        u1_0.id_universite,
        u1_0.adresse,
        u1_0.foyer_id_foyer,
        u1_0.nom_universite 
    from
        universite u1_0
Hibernate: 
    select
        u1_0.id_universite,
        u1_0.adresse,
        u1_0.foyer_id_foyer,
        u1_0.nom_universite 
    from
        universite u1_0
2025-07-18T01:01:10.302+01:00 DEBUG 160138 --- [           main] org.hibernate.SQL                        : 
    select
        f1_0.id_foyer,
        f1_0.capacite_foyer,
        f1_0.nom_foyer,
        u1_0.id_universite,
        u1_0.adresse,
        u1_0.nom_universite 
    from
        foyer f1_0 
    left join
        universite u1_0 
            on f1_0.id_foyer=u1_0.foyer_id_foyer 
    where
        f1_0.id_foyer=?
Hibernate: 
    select
        f1_0.id_foyer,
        f1_0.capacite_foyer,
        f1_0.nom_foyer,
        u1_0.id_universite,
        u1_0.adresse,
        u1_0.nom_universite 
    from
        foyer f1_0 
    left join
        universite u1_0 
            on f1_0.id_foyer=u1_0.foyer_id_foyer 
    where
        f1_0.id_foyer=?
2025-07-18T01:01:10.338+01:00 DEBUG 160138 --- [           main] org.hibernate.SQL                        : 
    delete 
    from
        universite 
    where
        id_universite=?
Hibernate: 
    delete 
    from
        universite 
    where
        id_universite=?
2025-07-18T01:01:10.344+01:00 DEBUG 160138 --- [           main] org.hibernate.SQL                        : 
    delete 
    from
        foyer 
    where
        id_foyer=?
Hibernate: 
    delete 
    from
        foyer 
    where
        id_foyer=?
2025-07-18T01:01:10.360+01:00 DEBUG 160138 --- [           main] org.hibernate.SQL                        : 
    select
        f1_0.id_foyer,
        f1_0.capacite_foyer,
        f1_0.nom_foyer 
    from
        foyer f1_0
Hibernate: 
    select
        f1_0.id_foyer,
        f1_0.capacite_foyer,
        f1_0.nom_foyer 
    from
        foyer f1_0
2025-07-18T01:01:10.383+01:00 DEBUG 160138 --- [           main] s.w.s.m.m.a.RequestMappingHandlerMapping : Mapped to tn.esprit.tpfoyer.control.UniversiteRestController#addUniversite(Universite)
2025-07-18T01:01:10.387+01:00 DEBUG 160138 --- [           main] m.m.a.RequestResponseBodyMethodProcessor : Read "application/json" to [Universite(idUniversite=0, nomUniversite=Université Test Integration, adresse=Adresse Test Integrati (truncated)...]
2025-07-18T01:01:10.395+01:00  INFO 160138 --- [           main] tn.esprit.tpfoyer.config.ConfigAOP       : In Metod AOP : addUniversite
2025-07-18T01:01:10.398+01:00 DEBUG 160138 --- [           main] org.hibernate.SQL                        : 
    insert 
    into
        universite
        (adresse, foyer_id_foyer, nom_universite, id_universite) 
    values
        (?, ?, ?, default)
Hibernate: 
    insert 
    into
        universite
        (adresse, foyer_id_foyer, nom_universite, id_universite) 
    values
        (?, ?, ?, default)
2025-07-18T01:01:10.437+01:00  INFO 160138 --- [           main] tn.esprit.tpfoyer.config.ConfigAOP       : Execution Réussie ! 
2025-07-18T01:01:10.438+01:00  INFO 160138 --- [           main] tn.esprit.tpfoyer.config.ConfigAOP       : Methodexecutiontime: 44 milliseconds.
2025-07-18T01:01:10.440+01:00 DEBUG 160138 --- [           main] m.m.a.RequestResponseBodyMethodProcessor : Using 'application/json', given [*/*] and supported [application/json, application/*+json]
2025-07-18T01:01:10.441+01:00 DEBUG 160138 --- [           main] m.m.a.RequestResponseBodyMethodProcessor : Writing [Universite(idUniversite=4, nomUniversite=Université Test Integration, adresse=Adresse Test Integrati (truncated)...]
2025-07-18T01:01:10.517+01:00 DEBUG 160138 --- [           main] s.w.s.m.m.a.RequestMappingHandlerMapping : Mapped to tn.esprit.tpfoyer.control.UniversiteRestController#retrieveUniversite(Long)
2025-07-18T01:01:10.519+01:00  INFO 160138 --- [           main] tn.esprit.tpfoyer.config.ConfigAOP       : In Metod AOP : retrieveUniversite
2025-07-18T01:01:10.522+01:00 DEBUG 160138 --- [           main] org.hibernate.SQL                        : 
    select
        u1_0.id_universite,
        u1_0.adresse,
        f1_0.id_foyer,
        f1_0.capacite_foyer,
        f1_0.nom_foyer,
        u1_0.nom_universite 
    from
        universite u1_0 
    left join
        foyer f1_0 
            on f1_0.id_foyer=u1_0.foyer_id_foyer 
    where
        u1_0.id_universite=?
Hibernate: 
    select
        u1_0.id_universite,
        u1_0.adresse,
        f1_0.id_foyer,
        f1_0.capacite_foyer,
        f1_0.nom_foyer,
        u1_0.nom_universite 
    from
        universite u1_0 
    left join
        foyer f1_0 
            on f1_0.id_foyer=u1_0.foyer_id_foyer 
    where
        u1_0.id_universite=?
2025-07-18T01:01:10.526+01:00  INFO 160138 --- [           main] tn.esprit.tpfoyer.config.ConfigAOP       : Methodexecutiontime: 7 milliseconds.
2025-07-18T01:01:10.545+01:00 DEBUG 160138 --- [           main] m.m.a.RequestResponseBodyMethodProcessor : Using 'application/json', given [*/*] and supported [application/json, application/*+json]
2025-07-18T01:01:10.547+01:00 DEBUG 160138 --- [           main] m.m.a.RequestResponseBodyMethodProcessor : Writing [Universite(idUniversite=4, nomUniversite=Université Test Integration, adresse=Adresse Test Integrati (truncated)...]
2025-07-18T01:01:10.567+01:00 DEBUG 160138 --- [           main] s.w.s.m.m.a.RequestMappingHandlerMapping : Mapped to tn.esprit.tpfoyer.control.UniversiteRestController#modifyUniversite(Universite)
2025-07-18T01:01:10.571+01:00 DEBUG 160138 --- [           main] m.m.a.RequestResponseBodyMethodProcessor : Read "application/json" to [Universite(idUniversite=4, nomUniversite=Université Test Integration Modifiée, adresse=Adresse Test  (truncated)...]
2025-07-18T01:01:10.573+01:00  INFO 160138 --- [           main] tn.esprit.tpfoyer.config.ConfigAOP       : In Metod AOP : modifyUniversite
2025-07-18T01:01:10.576+01:00 DEBUG 160138 --- [           main] org.hibernate.SQL                        : 
    select
        u1_0.id_universite,
        u1_0.adresse,
        f1_0.id_foyer,
        f1_0.capacite_foyer,
        f1_0.nom_foyer,
        u1_0.nom_universite 
    from
        universite u1_0 
    left join
        foyer f1_0 
            on f1_0.id_foyer=u1_0.foyer_id_foyer 
    where
        u1_0.id_universite=?
Hibernate: 
    select
        u1_0.id_universite,
        u1_0.adresse,
        f1_0.id_foyer,
        f1_0.capacite_foyer,
        f1_0.nom_foyer,
        u1_0.nom_universite 
    from
        universite u1_0 
    left join
        foyer f1_0 
            on f1_0.id_foyer=u1_0.foyer_id_foyer 
    where
        u1_0.id_universite=?
2025-07-18T01:01:10.581+01:00 DEBUG 160138 --- [           main] org.hibernate.SQL                        : 
    update
        universite 
    set
        adresse=?,
        foyer_id_foyer=?,
        nom_universite=? 
    where
        id_universite=?
Hibernate: 
    update
        universite 
    set
        adresse=?,
        foyer_id_foyer=?,
        nom_universite=? 
    where
        id_universite=?
2025-07-18T01:01:10.587+01:00  INFO 160138 --- [           main] tn.esprit.tpfoyer.config.ConfigAOP       : Methodexecutiontime: 14 milliseconds.
2025-07-18T01:01:10.588+01:00 DEBUG 160138 --- [           main] m.m.a.RequestResponseBodyMethodProcessor : Using 'application/json', given [*/*] and supported [application/json, application/*+json]
2025-07-18T01:01:10.589+01:00 DEBUG 160138 --- [           main] m.m.a.RequestResponseBodyMethodProcessor : Writing [Universite(idUniversite=4, nomUniversite=Université Test Integration Modifiée, adresse=Adresse Test  (truncated)...]
2025-07-18T01:01:10.617+01:00 DEBUG 160138 --- [           main] s.w.s.m.m.a.RequestMappingHandlerMapping : Mapped to tn.esprit.tpfoyer.control.UniversiteRestController#retrieveUniversite(Long)
2025-07-18T01:01:10.619+01:00  INFO 160138 --- [           main] tn.esprit.tpfoyer.config.ConfigAOP       : In Metod AOP : retrieveUniversite
2025-07-18T01:01:10.622+01:00 DEBUG 160138 --- [           main] org.hibernate.SQL                        : 
    select
        u1_0.id_universite,
        u1_0.adresse,
        f1_0.id_foyer,
        f1_0.capacite_foyer,
        f1_0.nom_foyer,
        u1_0.nom_universite 
    from
        universite u1_0 
    left join
        foyer f1_0 
            on f1_0.id_foyer=u1_0.foyer_id_foyer 
    where
        u1_0.id_universite=?
Hibernate: 
    select
        u1_0.id_universite,
        u1_0.adresse,
        f1_0.id_foyer,
        f1_0.capacite_foyer,
        f1_0.nom_foyer,
        u1_0.nom_universite 
    from
        universite u1_0 
    left join
        foyer f1_0 
            on f1_0.id_foyer=u1_0.foyer_id_foyer 
    where
        u1_0.id_universite=?
2025-07-18T01:01:10.627+01:00  INFO 160138 --- [           main] tn.esprit.tpfoyer.config.ConfigAOP       : Methodexecutiontime: 8 milliseconds.
2025-07-18T01:01:10.636+01:00 DEBUG 160138 --- [           main] m.m.a.RequestResponseBodyMethodProcessor : Using 'application/json', given [*/*] and supported [application/json, application/*+json]
2025-07-18T01:01:10.637+01:00 DEBUG 160138 --- [           main] m.m.a.RequestResponseBodyMethodProcessor : Writing [Universite(idUniversite=4, nomUniversite=Université Test Integration Modifiée, adresse=Adresse Test  (truncated)...]
2025-07-18T01:01:10.642+01:00 DEBUG 160138 --- [           main] s.w.s.m.m.a.RequestMappingHandlerMapping : Mapped to tn.esprit.tpfoyer.control.UniversiteRestController#removeUniversite(Long)
2025-07-18T01:01:10.644+01:00  INFO 160138 --- [           main] tn.esprit.tpfoyer.config.ConfigAOP       : In Metod AOP : removeUniversite
2025-07-18T01:01:10.667+01:00 DEBUG 160138 --- [           main] org.hibernate.SQL                        : 
    select
        u1_0.id_universite,
        u1_0.adresse,
        f1_0.id_foyer,
        f1_0.capacite_foyer,
        f1_0.nom_foyer,
        u1_0.nom_universite 
    from
        universite u1_0 
    left join
        foyer f1_0 
            on f1_0.id_foyer=u1_0.foyer_id_foyer 
    where
        u1_0.id_universite=?
Hibernate: 
    select
        u1_0.id_universite,
        u1_0.adresse,
        f1_0.id_foyer,
        f1_0.capacite_foyer,
        f1_0.nom_foyer,
        u1_0.nom_universite 
    from
        universite u1_0 
    left join
        foyer f1_0 
            on f1_0.id_foyer=u1_0.foyer_id_foyer 
    where
        u1_0.id_universite=?
2025-07-18T01:01:10.673+01:00 DEBUG 160138 --- [           main] org.hibernate.SQL                        : 
    delete 
    from
        universite 
    where
        id_universite=?
Hibernate: 
    delete 
    from
        universite 
    where
        id_universite=?
2025-07-18T01:01:10.694+01:00  INFO 160138 --- [           main] tn.esprit.tpfoyer.config.ConfigAOP       : Methodexecutiontime: 50 milliseconds.
2025-07-18T01:01:10.696+01:00 DEBUG 160138 --- [           main] m.m.a.RequestResponseBodyMethodProcessor : Using 'application/json', given [*/*] and supported [application/json, application/*+json]
2025-07-18T01:01:10.703+01:00 DEBUG 160138 --- [           main] m.m.a.RequestResponseBodyMethodProcessor : Nothing to write: null body
]]></system-out>
  </testcase>
</testsuite>